2025-06-30 17:59:01,647 - INFO - Generated 44 seasons: ['1981-82', '1982-83', '1983-84', '1984-85', '1985-86']...['2020-21', '2021-22', '2022-23', '2023-24', '2024-25']
2025-06-30 17:59:01,654 - INFO - Starting league player statistics scraping...
2025-06-30 17:59:01,654 - INFO - Scraping player stats for 1981-82
2025-06-30 17:59:05,326 - INFO - Scraping player stats for 1982-83
2025-06-30 17:59:08,909 - INFO - Scraping player stats for 1983-84
2025-06-30 17:59:12,466 - INFO - Scraping player stats for 1984-85
2025-06-30 17:59:16,051 - INFO - Scraping player stats for 1985-86
2025-06-30 17:59:19,521 - INFO - Scraping player stats for 1986-87
2025-06-30 17:59:23,016 - INFO - Scraping player stats for 1987-88
2025-06-30 17:59:26,492 - INFO - Scraping player stats for 1988-89
2025-06-30 17:59:29,873 - INFO - Scraping player stats for 1989-90
2025-06-30 17:59:33,353 - INFO - Scraping player stats for 1990-91
2025-06-30 17:59:37,043 - INFO - Scraping player stats for 1991-92
2025-06-30 17:59:40,469 - INFO - Scraping player stats for 1992-93
2025-06-30 17:59:43,974 - INFO - Scraping player stats for 1993-94
2025-06-30 17:59:47,592 - INFO - Scraping player stats for 1994-95
2025-06-30 17:59:51,217 - INFO - Scraping player stats for 1995-96
2025-06-30 17:59:54,614 - INFO - Scraping player stats for 1996-97
2025-06-30 17:59:59,530 - INFO - Scraping player stats for 1997-98
2025-06-30 18:00:04,052 - INFO - Scraping player stats for 1998-99
2025-06-30 18:00:09,208 - INFO - Scraping player stats for 1999-00
2025-06-30 18:00:13,903 - INFO - Scraping player stats for 2000-01
2025-06-30 18:00:18,521 - INFO - Scraping player stats for 2001-02
2025-06-30 18:00:49,536 - WARNING - Attempt 1 failed for LeagueDashPlayerStats: HTTPSConnectionPool(host='stats.nba.com', port=443): Read timed out. (read timeout=30)
2025-06-30 18:01:16,481 - INFO - Scraping player stats for 2002-03
2025-06-30 18:01:21,094 - INFO - Scraping player stats for 2003-04
2025-06-30 18:01:52,107 - WARNING - Attempt 1 failed for LeagueDashPlayerStats: HTTPSConnectionPool(host='stats.nba.com', port=443): Read timed out. (read timeout=30)
2025-06-30 18:01:56,403 - INFO - Scraping player stats for 2004-05
2025-06-30 18:02:01,423 - INFO - Scraping player stats for 2005-06
2025-06-30 18:02:06,456 - INFO - Scraping player stats for 2006-07
2025-06-30 18:02:11,062 - INFO - Scraping player stats for 2007-08
2025-06-30 18:02:15,762 - INFO - Scraping player stats for 2008-09
2025-06-30 18:02:20,396 - INFO - Scraping player stats for 2009-10
2025-06-30 18:02:25,077 - INFO - Scraping player stats for 2010-11
2025-06-30 18:02:29,674 - INFO - Scraping player stats for 2011-12
2025-06-30 18:02:34,101 - INFO - Scraping player stats for 2012-13
2025-06-30 18:02:39,016 - INFO - Scraping player stats for 2013-14
2025-06-30 18:02:43,726 - INFO - Scraping player stats for 2014-15
2025-06-30 18:02:48,340 - INFO - Scraping player stats for 2015-16
2025-06-30 18:02:53,246 - INFO - Scraping player stats for 2016-17
2025-06-30 18:02:58,272 - INFO - Scraping player stats for 2017-18
2025-06-30 18:03:03,286 - INFO - Scraping player stats for 2018-19
2025-06-30 18:03:07,692 - INFO - Scraping player stats for 2019-20
2025-06-30 18:03:10,966 - INFO - Scraping player stats for 2020-21
2025-06-30 18:03:14,348 - INFO - Scraping player stats for 2021-22
2025-06-30 18:03:19,427 - INFO - Scraping player stats for 2022-23
2025-06-30 18:03:24,067 - INFO - Scraping player stats for 2023-24
2025-06-30 18:03:27,348 - INFO - Scraping player stats for 2024-25
2025-06-30 18:03:30,334 - INFO - Saved 19856 records to /Users/akshatporwal/Desktop/projects github/nba-machine-learning/data/raw/league_player_stats.csv
2025-06-30 18:03:30,335 - INFO - Completed player stats: 19856 total records
2025-06-30 18:03:30,351 - INFO - Starting league team statistics scraping...
2025-06-30 18:03:30,352 - INFO - Scraping team stats for 1981-82
2025-06-30 18:03:33,473 - INFO - Scraping team stats for 1982-83
2025-06-30 18:03:36,533 - INFO - Scraping team stats for 1983-84
2025-06-30 18:03:47,930 - INFO - Scraping team stats for 1984-85
2025-06-30 18:03:50,999 - INFO - Scraping team stats for 1985-86
2025-06-30 18:03:54,467 - INFO - Scraping team stats for 1986-87
2025-06-30 18:03:57,552 - INFO - Scraping team stats for 1987-88
2025-06-30 18:04:00,835 - INFO - Scraping team stats for 1988-89
2025-06-30 18:04:04,313 - INFO - Scraping team stats for 1989-90
2025-06-30 18:04:07,488 - INFO - Scraping team stats for 1990-91
2025-06-30 18:04:10,660 - INFO - Scraping team stats for 1991-92
2025-06-30 18:04:13,731 - INFO - Scraping team stats for 1992-93
2025-06-30 18:04:17,499 - INFO - Scraping team stats for 1993-94
2025-06-30 18:04:20,682 - INFO - Scraping team stats for 1994-95
2025-06-30 18:04:23,968 - INFO - Scraping team stats for 1995-96
2025-06-30 18:04:27,351 - INFO - Scraping team stats for 1996-97
2025-06-30 18:04:30,837 - INFO - Scraping team stats for 1997-98
2025-06-30 18:04:34,485 - INFO - Scraping team stats for 1998-99
2025-06-30 18:05:32,045 - INFO - Starting league team statistics scraping...
2025-06-30 18:05:45,637 - INFO - Generated 44 seasons: ['1981-82', '1982-83', '1983-84', '1984-85', '1985-86']...['2020-21', '2021-22', '2022-23', '2023-24', '2024-25']
2025-06-30 18:05:54,079 - INFO - Starting league team statistics scraping...
2025-06-30 18:05:54,080 - INFO - Scraping team stats for 1981-82
2025-06-30 18:05:56,788 - INFO - Scraping team stats for 1982-83
2025-06-30 18:05:59,350 - INFO - Scraping team stats for 1983-84
2025-06-30 18:06:01,934 - INFO - Scraping team stats for 1984-85
2025-06-30 18:06:04,629 - INFO - Scraping team stats for 1985-86
2025-06-30 18:06:07,394 - INFO - Scraping team stats for 1986-87
2025-06-30 18:06:10,262 - INFO - Scraping team stats for 1987-88
2025-06-30 18:06:12,820 - INFO - Scraping team stats for 1988-89
2025-06-30 18:06:15,439 - INFO - Scraping team stats for 1989-90
2025-06-30 18:06:18,148 - INFO - Scraping team stats for 1990-91
2025-06-30 18:06:20,807 - INFO - Scraping team stats for 1991-92
2025-06-30 18:06:23,470 - INFO - Scraping team stats for 1992-93
2025-06-30 18:06:26,133 - INFO - Scraping team stats for 1993-94
2025-06-30 18:06:28,733 - INFO - Scraping team stats for 1994-95
2025-06-30 18:06:31,356 - INFO - Scraping team stats for 1995-96
2025-06-30 18:06:33,914 - INFO - Scraping team stats for 1996-97
2025-06-30 18:06:36,579 - INFO - Scraping team stats for 1997-98
2025-06-30 18:06:39,193 - INFO - Scraping team stats for 1998-99
2025-06-30 18:06:42,517 - INFO - Scraping team stats for 1999-00
2025-06-30 18:06:46,001 - INFO - Scraping team stats for 2000-01
2025-06-30 18:06:49,331 - INFO - Scraping team stats for 2001-02
2025-06-30 18:06:52,779 - INFO - Scraping team stats for 2002-03
2025-06-30 18:06:56,343 - INFO - Scraping team stats for 2003-04
2025-06-30 18:06:59,824 - INFO - Scraping team stats for 2004-05
2025-06-30 18:07:03,306 - INFO - Scraping team stats for 2005-06
2025-06-30 18:07:06,829 - INFO - Scraping team stats for 2006-07
2025-06-30 18:07:10,270 - INFO - Scraping team stats for 2007-08
2025-06-30 18:07:13,649 - INFO - Scraping team stats for 2008-09
2025-06-30 18:07:17,105 - INFO - Scraping team stats for 2009-10
2025-06-30 18:07:20,510 - INFO - Scraping team stats for 2010-11
2025-06-30 18:07:23,889 - INFO - Scraping team stats for 2011-12
2025-06-30 18:07:27,680 - INFO - Scraping team stats for 2012-13
2025-06-30 18:07:31,161 - INFO - Scraping team stats for 2013-14
2025-06-30 18:07:34,646 - INFO - Scraping team stats for 2014-15
2025-06-30 18:07:38,226 - INFO - Scraping team stats for 2015-16
2025-06-30 18:07:41,601 - INFO - Scraping team stats for 2016-17
2025-06-30 18:07:44,981 - INFO - Scraping team stats for 2017-18
2025-06-30 18:07:48,464 - INFO - Scraping team stats for 2018-19
2025-06-30 18:07:51,784 - INFO - Scraping team stats for 2019-20
2025-06-30 18:07:55,123 - INFO - Scraping team stats for 2020-21
2025-06-30 18:07:58,439 - INFO - Scraping team stats for 2021-22
2025-06-30 18:08:01,963 - INFO - Scraping team stats for 2022-23
2025-06-30 18:08:05,611 - INFO - Scraping team stats for 2023-24
2025-06-30 18:08:08,535 - INFO - Scraping team stats for 2024-25
2025-06-30 18:08:11,430 - INFO - Saved 1326 records to /Users/akshatporwal/Desktop/projects github/nba-machine-learning/data/raw/league_team_stats.csv
2025-06-30 18:08:11,430 - INFO - Completed team stats: 1326 total records
2025-06-30 18:08:11,439 - INFO - Starting advanced player statistics scraping...
2025-06-30 18:08:11,440 - INFO - Scraping player bio stats for 1981-82
2025-06-30 18:08:13,100 - INFO - Scraping player bio stats for 1982-83
2025-06-30 18:08:14,884 - INFO - Scraping player bio stats for 1983-84
2025-06-30 18:08:16,623 - INFO - Scraping player bio stats for 1984-85
2025-06-30 18:08:18,264 - INFO - Scraping player bio stats for 1985-86
2025-06-30 18:08:19,826 - INFO - Scraping player bio stats for 1986-87
2025-06-30 18:08:21,462 - INFO - Scraping player bio stats for 1987-88
2025-06-30 18:08:23,076 - INFO - Scraping player bio stats for 1988-89
2025-06-30 18:08:24,772 - INFO - Scraping player bio stats for 1989-90
2025-06-30 18:08:26,379 - INFO - Scraping player bio stats for 1990-91
2025-06-30 18:08:28,092 - INFO - Scraping player bio stats for 1991-92
2025-06-30 18:08:29,731 - INFO - Scraping player bio stats for 1992-93
2025-06-30 18:08:31,298 - INFO - Scraping player bio stats for 1993-94
2025-06-30 18:08:33,009 - INFO - Scraping player bio stats for 1994-95
2025-06-30 18:08:34,537 - INFO - Scraping player bio stats for 1995-96
2025-06-30 18:08:36,186 - INFO - Scraping player bio stats for 1996-97
2025-06-30 18:08:38,540 - INFO - Scraping player bio stats for 1997-98
2025-06-30 18:08:41,102 - INFO - Scraping player bio stats for 1998-99
2025-06-30 18:08:43,266 - INFO - Scraping player bio stats for 1999-00
2025-06-30 18:08:45,559 - INFO - Scraping player bio stats for 2000-01
2025-06-30 18:08:48,020 - INFO - Scraping player bio stats for 2001-02
2025-06-30 18:08:50,441 - INFO - Scraping player bio stats for 2002-03
2025-06-30 18:08:52,980 - INFO - Scraping player bio stats for 2003-04
2025-06-30 18:08:55,641 - INFO - Scraping player bio stats for 2004-05
2025-06-30 18:08:58,204 - INFO - Scraping player bio stats for 2005-06
2025-06-30 18:09:00,556 - INFO - Scraping player bio stats for 2006-07
2025-06-30 18:09:03,288 - INFO - Scraping player bio stats for 2007-08
2025-06-30 18:09:05,678 - INFO - Scraping player bio stats for 2008-09
2025-06-30 18:09:08,031 - INFO - Scraping player bio stats for 2009-10
2025-06-30 18:09:10,697 - INFO - Scraping player bio stats for 2010-11
2025-06-30 18:09:13,259 - INFO - Scraping player bio stats for 2011-12
2025-06-30 18:09:15,475 - INFO - Scraping player bio stats for 2012-13
2025-06-30 18:09:18,070 - INFO - Scraping player bio stats for 2013-14
2025-06-30 18:09:20,733 - INFO - Scraping player bio stats for 2014-15
2025-06-30 18:09:23,290 - INFO - Scraping player bio stats for 2015-16
2025-06-30 18:09:25,955 - INFO - Scraping player bio stats for 2016-17
2025-06-30 18:09:28,719 - INFO - Scraping player bio stats for 2017-18
2025-06-30 18:09:31,320 - INFO - Scraping player bio stats for 2018-19
2025-06-30 18:09:33,634 - INFO - Scraping player bio stats for 2019-20
2025-06-30 18:09:36,193 - INFO - Scraping player bio stats for 2020-21
2025-06-30 18:09:38,525 - INFO - Scraping player bio stats for 2021-22
2025-06-30 18:09:41,006 - INFO - Scraping player bio stats for 2022-23
2025-06-30 18:09:43,135 - INFO - Scraping player bio stats for 2023-24
2025-06-30 18:09:45,668 - INFO - Scraping player bio stats for 2024-25
2025-06-30 18:09:47,172 - INFO - Saved 13987 records to /Users/akshatporwal/Desktop/projects github/nba-machine-learning/data/raw/player_bio_stats.csv
2025-06-30 18:09:47,173 - INFO - Scraping player shot locations for 1981-82
2025-06-30 18:09:53,430 - INFO - Scraping player shot locations for 1982-83
2025-06-30 18:09:58,532 - INFO - Scraping player shot locations for 1983-84
2025-06-30 18:10:04,466 - INFO - Scraping player shot locations for 1984-85
2025-06-30 18:10:09,882 - INFO - Scraping player shot locations for 1985-86
2025-06-30 18:10:15,001 - INFO - Scraping player shot locations for 1986-87
2025-06-30 18:10:21,041 - INFO - Scraping player shot locations for 1987-88
2025-06-30 18:10:26,977 - INFO - Scraping player shot locations for 1988-89
2025-06-30 18:10:31,972 - INFO - Scraping player shot locations for 1989-90
2025-06-30 18:10:37,426 - INFO - Scraping player shot locations for 1990-91
2025-06-30 18:10:43,264 - INFO - Scraping player shot locations for 1991-92
2025-06-30 18:10:48,179 - INFO - Scraping player shot locations for 1992-93
2025-06-30 18:10:53,155 - INFO - Scraping player shot locations for 1993-94
2025-06-30 18:10:58,062 - INFO - Scraping player shot locations for 1994-95
2025-06-30 18:11:03,334 - INFO - Scraping player shot locations for 1995-96
2025-06-30 18:11:09,973 - INFO - Scraping player shot locations for 1996-97
2025-06-30 18:11:17,573 - INFO - Scraping player shot locations for 1997-98
2025-06-30 18:11:24,594 - INFO - Scraping player shot locations for 1998-99
2025-06-30 18:11:31,702 - INFO - Scraping player shot locations for 1999-00
2025-06-30 18:11:37,965 - INFO - Scraping player shot locations for 2000-01
2025-06-30 18:11:45,035 - INFO - Scraping player shot locations for 2001-02
2025-06-30 18:11:51,966 - INFO - Scraping player shot locations for 2002-03
2025-06-30 18:12:01,707 - INFO - Scraping player shot locations for 2003-04
2025-06-30 18:12:08,161 - INFO - Scraping player shot locations for 2004-05
2025-06-30 18:12:14,917 - INFO - Scraping player shot locations for 2005-06
2025-06-30 18:12:21,675 - INFO - Scraping player shot locations for 2006-07
2025-06-30 18:12:29,355 - INFO - Scraping player shot locations for 2007-08
2025-06-30 18:12:36,848 - INFO - Scraping player shot locations for 2008-09
2025-06-30 18:12:54,238 - INFO - Scraping player shot locations for 2009-10
2025-06-30 18:13:00,896 - INFO - Scraping player shot locations for 2010-11
2025-06-30 18:13:07,130 - INFO - Scraping player shot locations for 2011-12
2025-06-30 18:13:13,900 - INFO - Scraping player shot locations for 2012-13
2025-06-30 18:13:20,161 - INFO - Scraping player shot locations for 2013-14
2025-06-30 18:13:26,803 - INFO - Scraping player shot locations for 2014-15
2025-06-30 18:13:33,048 - INFO - Scraping player shot locations for 2015-16
2025-06-30 18:13:39,398 - INFO - Scraping player shot locations for 2016-17
2025-06-30 18:13:51,275 - INFO - Scraping player shot locations for 2017-18
2025-06-30 18:13:58,342 - INFO - Scraping player shot locations for 2018-19
2025-06-30 18:14:06,124 - INFO - Scraping player shot locations for 2019-20
2025-06-30 18:14:13,295 - INFO - Scraping player shot locations for 2020-21
2025-06-30 18:14:21,586 - INFO - Scraping player shot locations for 2021-22
2025-06-30 18:14:28,837 - INFO - Scraping player shot locations for 2022-23
2025-06-30 18:14:35,927 - INFO - Scraping player shot locations for 2023-24
2025-06-30 18:14:44,114 - INFO - Scraping player shot locations for 2024-25
2025-06-30 18:14:45,781 - INFO - Saved 13987 records to /Users/akshatporwal/Desktop/projects github/nba-machine-learning/data/raw/player_shot_locations.csv
2025-06-30 18:14:45,781 - INFO - Scraping player clutch stats for 1981-82
2025-06-30 18:14:47,694 - INFO - Scraping player clutch stats for 1982-83
2025-06-30 18:14:49,369 - INFO - Scraping player clutch stats for 1983-84
2025-06-30 18:14:51,358 - INFO - Scraping player clutch stats for 1984-85
2025-06-30 18:14:55,264 - INFO - Scraping player clutch stats for 1985-86
2025-06-30 18:14:57,217 - INFO - Scraping player clutch stats for 1986-87
2025-06-30 18:14:59,060 - INFO - Scraping player clutch stats for 1987-88
2025-06-30 18:15:00,789 - INFO - Scraping player clutch stats for 1988-89
2025-06-30 18:15:02,475 - INFO - Scraping player clutch stats for 1989-90
2025-06-30 18:15:04,211 - INFO - Scraping player clutch stats for 1990-91
2025-06-30 18:15:05,832 - INFO - Scraping player clutch stats for 1991-92
2025-06-30 18:15:07,662 - INFO - Scraping player clutch stats for 1992-93
2025-06-30 18:15:09,275 - INFO - Scraping player clutch stats for 1993-94
2025-06-30 18:15:11,142 - INFO - Scraping player clutch stats for 1994-95
2025-06-30 18:15:12,791 - INFO - Scraping player clutch stats for 1995-96
2025-06-30 18:15:14,523 - INFO - Scraping player clutch stats for 1996-97
2025-06-30 18:15:16,410 - INFO - Scraping player clutch stats for 1997-98
2025-06-30 18:15:18,281 - INFO - Scraping player clutch stats for 1998-99
2025-06-30 18:15:20,401 - INFO - Scraping player clutch stats for 1999-00
2025-06-30 18:15:22,420 - INFO - Scraping player clutch stats for 2000-01
2025-06-30 18:15:24,361 - INFO - Scraping player clutch stats for 2001-02
2025-06-30 18:15:26,308 - INFO - Scraping player clutch stats for 2002-03
2025-06-30 18:15:28,560 - INFO - Scraping player clutch stats for 2003-04
2025-06-30 18:15:30,710 - INFO - Scraping player clutch stats for 2004-05
2025-06-30 18:15:33,274 - INFO - Scraping player clutch stats for 2005-06
2025-06-30 18:15:35,214 - INFO - Scraping player clutch stats for 2006-07
2025-06-30 18:15:37,192 - INFO - Scraping player clutch stats for 2007-08
2025-06-30 18:15:39,210 - INFO - Scraping player clutch stats for 2008-09
2025-06-30 18:15:41,154 - INFO - Scraping player clutch stats for 2009-10
2025-06-30 18:15:43,408 - INFO - Scraping player clutch stats for 2010-11
2025-06-30 18:15:45,455 - INFO - Scraping player clutch stats for 2011-12
2025-06-30 18:15:47,772 - INFO - Scraping player clutch stats for 2012-13
2025-06-30 18:15:49,832 - INFO - Scraping player clutch stats for 2013-14
2025-06-30 18:15:51,814 - INFO - Scraping player clutch stats for 2014-15
2025-06-30 18:15:53,766 - INFO - Scraping player clutch stats for 2015-16
2025-06-30 18:15:56,001 - INFO - Scraping player clutch stats for 2016-17
2025-06-30 18:15:58,049 - INFO - Scraping player clutch stats for 2017-18
2025-06-30 18:16:00,246 - INFO - Scraping player clutch stats for 2018-19
2025-06-30 18:16:02,245 - INFO - Scraping player clutch stats for 2019-20
2025-06-30 18:16:05,014 - INFO - Scraping player clutch stats for 2020-21
2025-06-30 18:16:07,061 - INFO - Scraping player clutch stats for 2021-22
2025-06-30 18:16:09,474 - INFO - Scraping player clutch stats for 2022-23
2025-06-30 18:16:11,766 - INFO - Scraping player clutch stats for 2023-24
2025-06-30 18:16:14,026 - INFO - Scraping player clutch stats for 2024-25
2025-06-30 18:16:16,123 - INFO - Saved 12307 records to /Users/akshatporwal/Desktop/projects github/nba-machine-learning/data/raw/player_clutch_stats.csv
2025-06-30 18:16:16,142 - INFO - Starting player tracking statistics scraping...
2025-06-30 18:16:16,142 - INFO - Scraping player speed/distance for 1981-82
2025-06-30 18:16:17,912 - INFO - Scraping player speed/distance for 1982-83
2025-06-30 18:16:19,858 - INFO - Scraping player speed/distance for 1983-84
2025-06-30 18:16:21,494 - INFO - Scraping player speed/distance for 1984-85
2025-06-30 18:16:23,133 - INFO - Scraping player speed/distance for 1985-86
2025-06-30 18:16:24,761 - INFO - Scraping player speed/distance for 1986-87
2025-06-30 18:16:26,242 - INFO - Scraping player speed/distance for 1987-88
2025-06-30 18:16:27,846 - INFO - Scraping player speed/distance for 1988-89
2025-06-30 18:16:29,432 - INFO - Scraping player speed/distance for 1989-90
2025-06-30 18:16:31,021 - INFO - Scraping player speed/distance for 1990-91
2025-06-30 18:16:32,656 - INFO - Scraping player speed/distance for 1991-92
2025-06-30 18:16:34,300 - INFO - Scraping player speed/distance for 1992-93
2025-06-30 18:16:36,032 - INFO - Scraping player speed/distance for 1993-94
2025-06-30 18:16:37,674 - INFO - Scraping player speed/distance for 1994-95
2025-06-30 18:16:39,146 - INFO - Scraping player speed/distance for 1995-96
2025-06-30 18:16:40,950 - INFO - Scraping player speed/distance for 1996-97
2025-06-30 18:16:42,486 - INFO - Scraping player speed/distance for 1997-98
2025-06-30 18:16:44,087 - INFO - Scraping player speed/distance for 1998-99
2025-06-30 18:16:45,662 - INFO - Scraping player speed/distance for 1999-00
2025-06-30 18:16:47,301 - INFO - Scraping player speed/distance for 2000-01
2025-06-30 18:16:48,938 - INFO - Scraping player speed/distance for 2001-02
2025-06-30 18:16:50,419 - INFO - Scraping player speed/distance for 2002-03
2025-06-30 18:16:51,909 - INFO - Scraping player speed/distance for 2003-04
2025-06-30 18:16:53,382 - INFO - Scraping player speed/distance for 2004-05
2025-06-30 18:16:54,993 - INFO - Scraping player speed/distance for 2005-06
2025-06-30 18:16:56,721 - INFO - Scraping player speed/distance for 2006-07
2025-06-30 18:16:58,223 - INFO - Scraping player speed/distance for 2007-08
2025-06-30 18:16:59,793 - INFO - Scraping player speed/distance for 2008-09
2025-06-30 18:17:01,431 - INFO - Scraping player speed/distance for 2009-10
2025-06-30 18:17:03,069 - INFO - Scraping player speed/distance for 2010-11
2025-06-30 18:17:05,625 - INFO - Scraping player speed/distance for 2011-12
2025-06-30 18:17:07,370 - INFO - Scraping player speed/distance for 2012-13
2025-06-30 18:17:08,906 - INFO - Scraping player speed/distance for 2013-14
2025-06-30 18:17:10,546 - INFO - Scraping player speed/distance for 2014-15
2025-06-30 18:17:12,092 - INFO - Scraping player speed/distance for 2015-16
2025-06-30 18:17:13,719 - INFO - Scraping player speed/distance for 2016-17
2025-06-30 18:17:15,462 - INFO - Scraping player speed/distance for 2017-18
2025-06-30 18:17:17,098 - INFO - Scraping player speed/distance for 2018-19
2025-06-30 18:17:18,634 - INFO - Scraping player speed/distance for 2019-20
2025-06-30 18:17:20,477 - INFO - Scraping player speed/distance for 2020-21
2025-06-30 18:17:22,122 - INFO - Scraping player speed/distance for 2021-22
2025-06-30 18:17:23,754 - INFO - Scraping player speed/distance for 2022-23
2025-06-30 18:17:25,392 - INFO - Scraping player speed/distance for 2023-24
2025-06-30 18:17:27,031 - INFO - Scraping player speed/distance for 2024-25
2025-06-30 18:17:28,676 - INFO - Saved 360 records to /Users/akshatporwal/Desktop/projects github/nba-machine-learning/data/raw/player_speed_distance.csv
2025-06-30 18:17:28,677 - INFO - Scraping player rebounding tracking for 1981-82
2025-06-30 18:17:31,044 - INFO - Scraping player rebounding tracking for 1982-83
2025-06-30 18:17:32,564 - INFO - Scraping player rebounding tracking for 1983-84
2025-06-30 18:17:34,097 - INFO - Scraping player rebounding tracking for 1984-85
2025-06-30 18:17:35,705 - INFO - Scraping player rebounding tracking for 1985-86
2025-06-30 18:17:37,373 - INFO - Scraping player rebounding tracking for 1986-87
2025-06-30 18:17:39,115 - INFO - Scraping player rebounding tracking for 1987-88
2025-06-30 18:17:40,651 - INFO - Scraping player rebounding tracking for 1988-89
2025-06-30 18:17:42,189 - INFO - Scraping player rebounding tracking for 1989-90
2025-06-30 18:17:43,740 - INFO - Scraping player rebounding tracking for 1990-91
2025-06-30 18:17:45,361 - INFO - Scraping player rebounding tracking for 1991-92
2025-06-30 18:17:46,963 - INFO - Scraping player rebounding tracking for 1992-93
2025-06-30 18:17:48,535 - INFO - Scraping player rebounding tracking for 1993-94
2025-06-30 18:17:50,154 - INFO - Scraping player rebounding tracking for 1994-95
2025-06-30 18:17:51,681 - INFO - Scraping player rebounding tracking for 1995-96
2025-06-30 18:17:53,184 - INFO - Scraping player rebounding tracking for 1996-97
2025-06-30 18:17:54,781 - INFO - Scraping player rebounding tracking for 1997-98
2025-06-30 18:17:56,523 - INFO - Scraping player rebounding tracking for 1998-99
2025-06-30 18:17:58,041 - INFO - Scraping player rebounding tracking for 1999-00
2025-06-30 18:17:59,696 - INFO - Scraping player rebounding tracking for 2000-01
2025-06-30 18:18:01,336 - INFO - Scraping player rebounding tracking for 2001-02
2025-06-30 18:18:02,980 - INFO - Scraping player rebounding tracking for 2002-03
2025-06-30 18:18:04,507 - INFO - Scraping player rebounding tracking for 2003-04
2025-06-30 18:18:06,179 - INFO - Scraping player rebounding tracking for 2004-05
2025-06-30 18:18:07,889 - INFO - Scraping player rebounding tracking for 2005-06
2025-06-30 18:18:09,404 - INFO - Scraping player rebounding tracking for 2006-07
2025-06-30 18:18:11,042 - INFO - Scraping player rebounding tracking for 2007-08
2025-06-30 18:18:12,703 - INFO - Scraping player rebounding tracking for 2008-09
2025-06-30 18:18:14,340 - INFO - Scraping player rebounding tracking for 2009-10
2025-06-30 18:18:15,979 - INFO - Scraping player rebounding tracking for 2010-11
2025-06-30 18:18:17,617 - INFO - Scraping player rebounding tracking for 2011-12
2025-06-30 18:18:19,358 - INFO - Scraping player rebounding tracking for 2012-13
2025-06-30 18:18:20,896 - INFO - Scraping player rebounding tracking for 2013-14
2025-06-30 18:18:22,636 - INFO - Scraping player rebounding tracking for 2014-15
2025-06-30 18:18:24,275 - INFO - Scraping player rebounding tracking for 2015-16
2025-06-30 18:18:25,913 - INFO - Scraping player rebounding tracking for 2016-17
2025-06-30 18:18:27,553 - INFO - Scraping player rebounding tracking for 2017-18
2025-06-30 18:18:29,193 - INFO - Scraping player rebounding tracking for 2018-19
2025-06-30 18:18:30,743 - INFO - Scraping player rebounding tracking for 2019-20
2025-06-30 18:18:32,315 - INFO - Scraping player rebounding tracking for 2020-21
2025-06-30 18:18:34,003 - INFO - Scraping player rebounding tracking for 2021-22
2025-06-30 18:18:35,641 - INFO - Scraping player rebounding tracking for 2022-23
2025-06-30 18:18:37,207 - INFO - Scraping player rebounding tracking for 2023-24
2025-06-30 18:18:38,918 - INFO - Scraping player rebounding tracking for 2024-25
2025-06-30 18:18:40,568 - INFO - Saved 360 records to /Users/akshatporwal/Desktop/projects github/nba-machine-learning/data/raw/player_rebounding_tracking.csv
2025-06-30 18:18:40,568 - INFO - Scraping player defensive tracking for 1981-82
2025-06-30 18:18:42,070 - WARNING - Attempt 1 failed for LeagueDashPtDefend: Expecting value: line 1 column 1 (char 0)
2025-06-30 18:18:44,106 - WARNING - Attempt 2 failed for LeagueDashPtDefend: Expecting value: line 1 column 1 (char 0)
2025-06-30 18:18:47,139 - WARNING - Attempt 3 failed for LeagueDashPtDefend: Expecting value: line 1 column 1 (char 0)
2025-06-30 18:18:47,139 - ERROR - All attempts failed for LeagueDashPtDefend: Expecting value: line 1 column 1 (char 0)
2025-06-30 18:18:47,140 - INFO - Scraping player defensive tracking for 1982-83
2025-06-30 18:18:48,528 - WARNING - Attempt 1 failed for LeagueDashPtDefend: Expecting value: line 1 column 1 (char 0)
2025-06-30 18:18:50,558 - WARNING - Attempt 2 failed for LeagueDashPtDefend: Expecting value: line 1 column 1 (char 0)
2025-06-30 18:18:53,593 - WARNING - Attempt 3 failed for LeagueDashPtDefend: Expecting value: line 1 column 1 (char 0)
2025-06-30 18:18:53,595 - ERROR - All attempts failed for LeagueDashPtDefend: Expecting value: line 1 column 1 (char 0)
2025-06-30 18:18:53,595 - INFO - Scraping player defensive tracking for 1983-84
2025-06-30 18:18:55,096 - WARNING - Attempt 1 failed for LeagueDashPtDefend: Expecting value: line 1 column 1 (char 0)
2025-06-30 18:18:57,127 - WARNING - Attempt 2 failed for LeagueDashPtDefend: Expecting value: line 1 column 1 (char 0)
2025-06-30 18:19:00,150 - WARNING - Attempt 3 failed for LeagueDashPtDefend: Expecting value: line 1 column 1 (char 0)
2025-06-30 18:19:00,150 - ERROR - All attempts failed for LeagueDashPtDefend: Expecting value: line 1 column 1 (char 0)
2025-06-30 18:19:00,151 - INFO - Scraping player defensive tracking for 1984-85
2025-06-30 18:19:01,574 - WARNING - Attempt 1 failed for LeagueDashPtDefend: Expecting value: line 1 column 1 (char 0)
2025-06-30 18:19:03,599 - WARNING - Attempt 2 failed for LeagueDashPtDefend: Expecting value: line 1 column 1 (char 0)
2025-06-30 18:19:06,632 - WARNING - Attempt 3 failed for LeagueDashPtDefend: Expecting value: line 1 column 1 (char 0)
2025-06-30 18:19:06,633 - ERROR - All attempts failed for LeagueDashPtDefend: Expecting value: line 1 column 1 (char 0)
2025-06-30 18:19:06,633 - INFO - Scraping player defensive tracking for 1985-86
2025-06-30 18:19:07,930 - WARNING - Attempt 1 failed for LeagueDashPtDefend: Expecting value: line 1 column 1 (char 0)
2025-06-30 18:19:09,966 - WARNING - Attempt 2 failed for LeagueDashPtDefend: Expecting value: line 1 column 1 (char 0)
2025-06-30 18:19:12,995 - WARNING - Attempt 3 failed for LeagueDashPtDefend: Expecting value: line 1 column 1 (char 0)
2025-06-30 18:19:12,995 - ERROR - All attempts failed for LeagueDashPtDefend: Expecting value: line 1 column 1 (char 0)
2025-06-30 18:19:12,996 - INFO - Scraping player defensive tracking for 1986-87
2025-06-30 18:19:14,347 - WARNING - Attempt 1 failed for LeagueDashPtDefend: Expecting value: line 1 column 1 (char 0)
2025-06-30 18:19:16,382 - WARNING - Attempt 2 failed for LeagueDashPtDefend: Expecting value: line 1 column 1 (char 0)
2025-06-30 18:19:19,408 - WARNING - Attempt 3 failed for LeagueDashPtDefend: Expecting value: line 1 column 1 (char 0)
2025-06-30 18:19:19,409 - ERROR - All attempts failed for LeagueDashPtDefend: Expecting value: line 1 column 1 (char 0)
2025-06-30 18:19:19,409 - INFO - Scraping player defensive tracking for 1987-88
2025-06-30 18:19:20,900 - WARNING - Attempt 1 failed for LeagueDashPtDefend: Expecting value: line 1 column 1 (char 0)
2025-06-30 18:19:22,939 - WARNING - Attempt 2 failed for LeagueDashPtDefend: Expecting value: line 1 column 1 (char 0)
2025-06-30 18:19:25,968 - WARNING - Attempt 3 failed for LeagueDashPtDefend: Expecting value: line 1 column 1 (char 0)
2025-06-30 18:19:25,968 - ERROR - All attempts failed for LeagueDashPtDefend: Expecting value: line 1 column 1 (char 0)
2025-06-30 18:19:25,969 - INFO - Scraping player defensive tracking for 1988-89
2025-06-30 18:19:27,354 - WARNING - Attempt 1 failed for LeagueDashPtDefend: Expecting value: line 1 column 1 (char 0)
2025-06-30 18:19:29,385 - WARNING - Attempt 2 failed for LeagueDashPtDefend: Expecting value: line 1 column 1 (char 0)
2025-06-30 18:19:32,409 - WARNING - Attempt 3 failed for LeagueDashPtDefend: Expecting value: line 1 column 1 (char 0)
2025-06-30 18:19:32,409 - ERROR - All attempts failed for LeagueDashPtDefend: Expecting value: line 1 column 1 (char 0)
2025-06-30 18:19:32,410 - INFO - Scraping player defensive tracking for 1989-90
2025-06-30 18:19:33,844 - WARNING - Attempt 1 failed for LeagueDashPtDefend: Expecting value: line 1 column 1 (char 0)
2025-06-30 18:19:35,882 - WARNING - Attempt 2 failed for LeagueDashPtDefend: Expecting value: line 1 column 1 (char 0)
2025-06-30 18:19:38,917 - WARNING - Attempt 3 failed for LeagueDashPtDefend: Expecting value: line 1 column 1 (char 0)
2025-06-30 18:19:38,918 - ERROR - All attempts failed for LeagueDashPtDefend: Expecting value: line 1 column 1 (char 0)
2025-06-30 18:19:38,918 - INFO - Scraping player defensive tracking for 1990-91
2025-06-30 18:19:40,254 - WARNING - Attempt 1 failed for LeagueDashPtDefend: Expecting value: line 1 column 1 (char 0)
2025-06-30 18:19:42,292 - WARNING - Attempt 2 failed for LeagueDashPtDefend: Expecting value: line 1 column 1 (char 0)
2025-06-30 18:19:45,331 - WARNING - Attempt 3 failed for LeagueDashPtDefend: Expecting value: line 1 column 1 (char 0)
2025-06-30 18:19:45,332 - ERROR - All attempts failed for LeagueDashPtDefend: Expecting value: line 1 column 1 (char 0)
2025-06-30 18:19:45,332 - INFO - Scraping player defensive tracking for 1991-92
2025-06-30 18:19:46,808 - WARNING - Attempt 1 failed for LeagueDashPtDefend: Expecting value: line 1 column 1 (char 0)
2025-06-30 18:19:48,835 - WARNING - Attempt 2 failed for LeagueDashPtDefend: Expecting value: line 1 column 1 (char 0)
2025-06-30 18:19:52,110 - WARNING - Attempt 3 failed for LeagueDashPtDefend: Expecting value: line 1 column 1 (char 0)
2025-06-30 18:19:52,112 - ERROR - All attempts failed for LeagueDashPtDefend: Expecting value: line 1 column 1 (char 0)
2025-06-30 18:19:52,112 - INFO - Scraping player defensive tracking for 1992-93
2025-06-30 18:19:53,465 - WARNING - Attempt 1 failed for LeagueDashPtDefend: Expecting value: line 1 column 1 (char 0)
2025-06-30 18:19:55,501 - WARNING - Attempt 2 failed for LeagueDashPtDefend: Expecting value: line 1 column 1 (char 0)
2025-06-30 18:19:58,529 - WARNING - Attempt 3 failed for LeagueDashPtDefend: Expecting value: line 1 column 1 (char 0)
2025-06-30 18:19:58,530 - ERROR - All attempts failed for LeagueDashPtDefend: Expecting value: line 1 column 1 (char 0)
2025-06-30 18:19:58,530 - INFO - Scraping player defensive tracking for 1993-94
2025-06-30 18:19:59,915 - WARNING - Attempt 1 failed for LeagueDashPtDefend: Expecting value: line 1 column 1 (char 0)
2025-06-30 18:20:01,942 - WARNING - Attempt 2 failed for LeagueDashPtDefend: Expecting value: line 1 column 1 (char 0)
2025-06-30 18:20:04,973 - WARNING - Attempt 3 failed for LeagueDashPtDefend: Expecting value: line 1 column 1 (char 0)
2025-06-30 18:20:04,973 - ERROR - All attempts failed for LeagueDashPtDefend: Expecting value: line 1 column 1 (char 0)
2025-06-30 18:20:04,974 - INFO - Scraping player defensive tracking for 1994-95
2025-06-30 18:20:06,472 - WARNING - Attempt 1 failed for LeagueDashPtDefend: Expecting value: line 1 column 1 (char 0)
2025-06-30 18:20:08,506 - WARNING - Attempt 2 failed for LeagueDashPtDefend: Expecting value: line 1 column 1 (char 0)
2025-06-30 18:20:11,527 - WARNING - Attempt 3 failed for LeagueDashPtDefend: Expecting value: line 1 column 1 (char 0)
2025-06-30 18:20:11,528 - ERROR - All attempts failed for LeagueDashPtDefend: Expecting value: line 1 column 1 (char 0)
2025-06-30 18:20:11,528 - INFO - Scraping player defensive tracking for 1995-96
2025-06-30 18:20:13,025 - WARNING - Attempt 1 failed for LeagueDashPtDefend: Expecting value: line 1 column 1 (char 0)
2025-06-30 18:20:15,057 - WARNING - Attempt 2 failed for LeagueDashPtDefend: Expecting value: line 1 column 1 (char 0)
2025-06-30 18:20:18,096 - WARNING - Attempt 3 failed for LeagueDashPtDefend: Expecting value: line 1 column 1 (char 0)
2025-06-30 18:20:18,097 - ERROR - All attempts failed for LeagueDashPtDefend: Expecting value: line 1 column 1 (char 0)
2025-06-30 18:20:18,098 - INFO - Scraping player defensive tracking for 1996-97
2025-06-30 18:20:19,577 - WARNING - Attempt 1 failed for LeagueDashPtDefend: Expecting value: line 1 column 1 (char 0)
2025-06-30 18:20:21,610 - WARNING - Attempt 2 failed for LeagueDashPtDefend: Expecting value: line 1 column 1 (char 0)
2025-06-30 18:20:24,642 - WARNING - Attempt 3 failed for LeagueDashPtDefend: Expecting value: line 1 column 1 (char 0)
2025-06-30 18:20:24,643 - ERROR - All attempts failed for LeagueDashPtDefend: Expecting value: line 1 column 1 (char 0)
2025-06-30 18:20:24,643 - INFO - Scraping player defensive tracking for 1997-98
2025-06-30 18:20:26,132 - WARNING - Attempt 1 failed for LeagueDashPtDefend: Expecting value: line 1 column 1 (char 0)
2025-06-30 18:20:28,160 - WARNING - Attempt 2 failed for LeagueDashPtDefend: Expecting value: line 1 column 1 (char 0)
2025-06-30 18:20:31,185 - WARNING - Attempt 3 failed for LeagueDashPtDefend: Expecting value: line 1 column 1 (char 0)
2025-06-30 18:20:31,186 - ERROR - All attempts failed for LeagueDashPtDefend: Expecting value: line 1 column 1 (char 0)
2025-06-30 18:20:31,186 - INFO - Scraping player defensive tracking for 1998-99
2025-06-30 18:20:32,581 - WARNING - Attempt 1 failed for LeagueDashPtDefend: Expecting value: line 1 column 1 (char 0)
2025-06-30 18:20:34,615 - WARNING - Attempt 2 failed for LeagueDashPtDefend: Expecting value: line 1 column 1 (char 0)
2025-06-30 18:20:37,642 - WARNING - Attempt 3 failed for LeagueDashPtDefend: Expecting value: line 1 column 1 (char 0)
2025-06-30 18:20:37,642 - ERROR - All attempts failed for LeagueDashPtDefend: Expecting value: line 1 column 1 (char 0)
2025-06-30 18:20:37,642 - INFO - Scraping player defensive tracking for 1999-00
2025-06-30 18:20:39,135 - WARNING - Attempt 1 failed for LeagueDashPtDefend: Expecting value: line 1 column 1 (char 0)
2025-06-30 18:20:41,165 - WARNING - Attempt 2 failed for LeagueDashPtDefend: Expecting value: line 1 column 1 (char 0)
2025-06-30 18:20:44,190 - WARNING - Attempt 3 failed for LeagueDashPtDefend: Expecting value: line 1 column 1 (char 0)
2025-06-30 18:20:44,191 - ERROR - All attempts failed for LeagueDashPtDefend: Expecting value: line 1 column 1 (char 0)
2025-06-30 18:20:44,191 - INFO - Scraping player defensive tracking for 2000-01
2025-06-30 18:20:45,587 - WARNING - Attempt 1 failed for LeagueDashPtDefend: Expecting value: line 1 column 1 (char 0)
2025-06-30 18:20:47,628 - WARNING - Attempt 2 failed for LeagueDashPtDefend: Expecting value: line 1 column 1 (char 0)
2025-06-30 18:20:50,659 - WARNING - Attempt 3 failed for LeagueDashPtDefend: Expecting value: line 1 column 1 (char 0)
2025-06-30 18:20:50,660 - ERROR - All attempts failed for LeagueDashPtDefend: Expecting value: line 1 column 1 (char 0)
2025-06-30 18:20:50,660 - INFO - Scraping player defensive tracking for 2001-02
2025-06-30 18:20:52,147 - WARNING - Attempt 1 failed for LeagueDashPtDefend: Expecting value: line 1 column 1 (char 0)
2025-06-30 18:20:54,174 - WARNING - Attempt 2 failed for LeagueDashPtDefend: Expecting value: line 1 column 1 (char 0)
2025-06-30 18:20:57,203 - WARNING - Attempt 3 failed for LeagueDashPtDefend: Expecting value: line 1 column 1 (char 0)
2025-06-30 18:20:57,204 - ERROR - All attempts failed for LeagueDashPtDefend: Expecting value: line 1 column 1 (char 0)
2025-06-30 18:20:57,204 - INFO - Scraping player defensive tracking for 2002-03
2025-06-30 18:20:58,503 - WARNING - Attempt 1 failed for LeagueDashPtDefend: Expecting value: line 1 column 1 (char 0)
2025-06-30 18:21:00,539 - WARNING - Attempt 2 failed for LeagueDashPtDefend: Expecting value: line 1 column 1 (char 0)
2025-06-30 18:21:03,578 - WARNING - Attempt 3 failed for LeagueDashPtDefend: Expecting value: line 1 column 1 (char 0)
2025-06-30 18:21:03,578 - ERROR - All attempts failed for LeagueDashPtDefend: Expecting value: line 1 column 1 (char 0)
2025-06-30 18:21:03,579 - INFO - Scraping player defensive tracking for 2003-04
2025-06-30 18:21:04,941 - WARNING - Attempt 1 failed for LeagueDashPtDefend: Expecting value: line 1 column 1 (char 0)
2025-06-30 18:21:06,967 - WARNING - Attempt 2 failed for LeagueDashPtDefend: Expecting value: line 1 column 1 (char 0)
2025-06-30 18:21:10,002 - WARNING - Attempt 3 failed for LeagueDashPtDefend: Expecting value: line 1 column 1 (char 0)
2025-06-30 18:21:10,002 - ERROR - All attempts failed for LeagueDashPtDefend: Expecting value: line 1 column 1 (char 0)
2025-06-30 18:21:10,003 - INFO - Scraping player defensive tracking for 2004-05
2025-06-30 18:21:11,302 - WARNING - Attempt 1 failed for LeagueDashPtDefend: Expecting value: line 1 column 1 (char 0)
2025-06-30 18:21:13,334 - WARNING - Attempt 2 failed for LeagueDashPtDefend: Expecting value: line 1 column 1 (char 0)
2025-06-30 18:21:16,357 - WARNING - Attempt 3 failed for LeagueDashPtDefend: Expecting value: line 1 column 1 (char 0)
2025-06-30 18:21:16,357 - ERROR - All attempts failed for LeagueDashPtDefend: Expecting value: line 1 column 1 (char 0)
2025-06-30 18:21:16,357 - INFO - Scraping player defensive tracking for 2005-06
2025-06-30 18:21:17,740 - WARNING - Attempt 1 failed for LeagueDashPtDefend: Expecting value: line 1 column 1 (char 0)
2025-06-30 18:21:19,772 - WARNING - Attempt 2 failed for LeagueDashPtDefend: Expecting value: line 1 column 1 (char 0)
2025-06-30 18:21:22,801 - WARNING - Attempt 3 failed for LeagueDashPtDefend: Expecting value: line 1 column 1 (char 0)
2025-06-30 18:21:22,802 - ERROR - All attempts failed for LeagueDashPtDefend: Expecting value: line 1 column 1 (char 0)
2025-06-30 18:21:22,802 - INFO - Scraping player defensive tracking for 2006-07
2025-06-30 18:21:24,296 - WARNING - Attempt 1 failed for LeagueDashPtDefend: Expecting value: line 1 column 1 (char 0)
2025-06-30 18:21:26,326 - WARNING - Attempt 2 failed for LeagueDashPtDefend: Expecting value: line 1 column 1 (char 0)
2025-06-30 18:21:29,364 - WARNING - Attempt 3 failed for LeagueDashPtDefend: Expecting value: line 1 column 1 (char 0)
2025-06-30 18:21:29,364 - ERROR - All attempts failed for LeagueDashPtDefend: Expecting value: line 1 column 1 (char 0)
2025-06-30 18:21:29,364 - INFO - Scraping player defensive tracking for 2007-08
2025-06-30 18:21:30,848 - WARNING - Attempt 1 failed for LeagueDashPtDefend: Expecting value: line 1 column 1 (char 0)
2025-06-30 18:21:32,877 - WARNING - Attempt 2 failed for LeagueDashPtDefend: Expecting value: line 1 column 1 (char 0)
2025-06-30 18:21:35,914 - WARNING - Attempt 3 failed for LeagueDashPtDefend: Expecting value: line 1 column 1 (char 0)
2025-06-30 18:21:35,915 - ERROR - All attempts failed for LeagueDashPtDefend: Expecting value: line 1 column 1 (char 0)
2025-06-30 18:21:35,915 - INFO - Scraping player defensive tracking for 2008-09
2025-06-30 18:21:37,304 - WARNING - Attempt 1 failed for LeagueDashPtDefend: Expecting value: line 1 column 1 (char 0)
2025-06-30 18:21:39,336 - WARNING - Attempt 2 failed for LeagueDashPtDefend: Expecting value: line 1 column 1 (char 0)
2025-06-30 18:21:42,377 - WARNING - Attempt 3 failed for LeagueDashPtDefend: Expecting value: line 1 column 1 (char 0)
2025-06-30 18:21:42,377 - ERROR - All attempts failed for LeagueDashPtDefend: Expecting value: line 1 column 1 (char 0)
2025-06-30 18:21:42,378 - INFO - Scraping player defensive tracking for 2009-10
2025-06-30 18:21:43,754 - WARNING - Attempt 1 failed for LeagueDashPtDefend: Expecting value: line 1 column 1 (char 0)
2025-06-30 18:21:45,788 - WARNING - Attempt 2 failed for LeagueDashPtDefend: Expecting value: line 1 column 1 (char 0)
2025-06-30 18:21:48,843 - WARNING - Attempt 3 failed for LeagueDashPtDefend: Expecting value: line 1 column 1 (char 0)
2025-06-30 18:21:48,843 - ERROR - All attempts failed for LeagueDashPtDefend: Expecting value: line 1 column 1 (char 0)
2025-06-30 18:21:48,844 - INFO - Scraping player defensive tracking for 2010-11
2025-06-30 18:21:50,143 - WARNING - Attempt 1 failed for LeagueDashPtDefend: Expecting value: line 1 column 1 (char 0)
2025-06-30 18:21:52,167 - WARNING - Attempt 2 failed for LeagueDashPtDefend: Expecting value: line 1 column 1 (char 0)
2025-06-30 18:21:55,195 - WARNING - Attempt 3 failed for LeagueDashPtDefend: Expecting value: line 1 column 1 (char 0)
2025-06-30 18:21:55,196 - ERROR - All attempts failed for LeagueDashPtDefend: Expecting value: line 1 column 1 (char 0)
2025-06-30 18:21:55,197 - INFO - Scraping player defensive tracking for 2011-12
2025-06-30 18:21:56,961 - WARNING - Attempt 1 failed for LeagueDashPtDefend: Expecting value: line 1 column 1 (char 0)
2025-06-30 18:21:58,989 - WARNING - Attempt 2 failed for LeagueDashPtDefend: Expecting value: line 1 column 1 (char 0)
2025-06-30 18:22:02,022 - WARNING - Attempt 3 failed for LeagueDashPtDefend: Expecting value: line 1 column 1 (char 0)
2025-06-30 18:22:02,024 - ERROR - All attempts failed for LeagueDashPtDefend: Expecting value: line 1 column 1 (char 0)
2025-06-30 18:22:02,024 - INFO - Scraping player defensive tracking for 2012-13
2025-06-30 18:22:03,406 - WARNING - Attempt 1 failed for LeagueDashPtDefend: Expecting value: line 1 column 1 (char 0)
2025-06-30 18:22:05,442 - WARNING - Attempt 2 failed for LeagueDashPtDefend: Expecting value: line 1 column 1 (char 0)
2025-06-30 18:22:08,469 - WARNING - Attempt 3 failed for LeagueDashPtDefend: Expecting value: line 1 column 1 (char 0)
2025-06-30 18:22:08,469 - ERROR - All attempts failed for LeagueDashPtDefend: Expecting value: line 1 column 1 (char 0)
2025-06-30 18:22:08,470 - INFO - Scraping player defensive tracking for 2013-14
2025-06-30 18:22:10,382 - INFO - Scraping player defensive tracking for 2014-15
2025-06-30 18:22:12,116 - INFO - Scraping player defensive tracking for 2015-16
2025-06-30 18:22:13,965 - INFO - Scraping player defensive tracking for 2016-17
2025-06-30 18:22:15,667 - INFO - Scraping player defensive tracking for 2017-18
2025-06-30 18:22:17,649 - INFO - Scraping player defensive tracking for 2018-19
2025-06-30 18:22:19,390 - INFO - Scraping player defensive tracking for 2019-20
2025-06-30 18:22:21,234 - INFO - Scraping player defensive tracking for 2020-21
2025-06-30 18:22:23,179 - INFO - Scraping player defensive tracking for 2021-22
2025-06-30 18:22:25,227 - INFO - Scraping player defensive tracking for 2022-23
2025-06-30 18:22:26,967 - INFO - Scraping player defensive tracking for 2023-24
2025-06-30 18:22:28,920 - INFO - Scraping player defensive tracking for 2024-25
2025-06-30 18:22:30,368 - INFO - Saved 6319 records to /Users/akshatporwal/Desktop/projects github/nba-machine-learning/data/raw/player_defensive_tracking.csv
2025-06-30 18:22:30,377 - INFO - Starting team advanced statistics scraping...
2025-06-30 18:22:30,378 - INFO - Scraping team shot locations for 1981-82
2025-06-30 18:22:35,464 - INFO - Scraping team shot locations for 1982-83
2025-06-30 18:22:40,479 - INFO - Scraping team shot locations for 1983-84
2025-06-30 18:22:46,418 - INFO - Scraping team shot locations for 1984-85
2025-06-30 18:22:51,131 - INFO - Scraping team shot locations for 1985-86
2025-06-30 18:22:55,811 - INFO - Scraping team shot locations for 1986-87
2025-06-30 18:23:00,550 - INFO - Scraping team shot locations for 1987-88
2025-06-30 18:23:05,410 - INFO - Scraping team shot locations for 1988-89
2025-06-30 18:23:10,584 - INFO - Scraping team shot locations for 1989-90
2025-06-30 18:23:15,703 - INFO - Scraping team shot locations for 1990-91
2025-06-30 18:23:22,359 - INFO - Scraping team shot locations for 1991-92
2025-06-30 18:23:28,117 - INFO - Scraping team shot locations for 1992-93
2025-06-30 18:23:32,905 - INFO - Scraping team shot locations for 1993-94
2025-06-30 18:23:38,846 - INFO - Scraping team shot locations for 1994-95
2025-06-30 18:23:44,572 - INFO - Scraping team shot locations for 1995-96
2025-06-30 18:23:51,426 - INFO - Scraping team shot locations for 1996-97
2025-06-30 18:23:58,097 - INFO - Scraping team shot locations for 1997-98
2025-06-30 18:24:03,732 - INFO - Scraping team shot locations for 1998-99
2025-06-30 18:24:08,492 - INFO - Scraping team shot locations for 1999-00
2025-06-30 18:24:13,456 - INFO - Scraping team shot locations for 2000-01
2025-06-30 18:24:18,781 - INFO - Scraping team shot locations for 2001-02
2025-06-30 18:24:23,696 - INFO - Scraping team shot locations for 2002-03
2025-06-30 18:24:28,513 - INFO - Scraping team shot locations for 2003-04
2025-06-30 18:24:33,222 - INFO - Scraping team shot locations for 2004-05
2025-06-30 18:24:39,056 - INFO - Scraping team shot locations for 2005-06
2025-06-30 18:24:43,869 - INFO - Scraping team shot locations for 2006-07
2025-06-30 18:24:50,124 - INFO - Scraping team shot locations for 2007-08
2025-06-30 18:24:56,365 - INFO - Scraping team shot locations for 2008-09
2025-06-30 18:25:01,228 - INFO - Scraping team shot locations for 2009-10
2025-06-30 18:25:06,126 - INFO - Scraping team shot locations for 2010-11
2025-06-30 18:25:12,071 - INFO - Scraping team shot locations for 2011-12
2025-06-30 18:25:17,971 - INFO - Scraping team shot locations for 2012-13
2025-06-30 18:25:22,947 - INFO - Scraping team shot locations for 2013-14
2025-06-30 18:25:28,008 - INFO - Scraping team shot locations for 2014-15
2025-06-30 18:25:34,456 - INFO - Scraping team shot locations for 2015-16
2025-06-30 18:25:40,378 - INFO - Scraping team shot locations for 2016-17
2025-06-30 18:25:45,107 - INFO - Scraping team shot locations for 2017-18
2025-06-30 18:25:50,942 - INFO - Scraping team shot locations for 2018-19
2025-06-30 18:25:56,849 - INFO - Scraping team shot locations for 2019-20
2025-06-30 18:26:01,900 - INFO - Scraping team shot locations for 2020-21
2025-06-30 18:26:08,351 - INFO - Scraping team shot locations for 2021-22
2025-06-30 18:26:14,266 - INFO - Scraping team shot locations for 2022-23
2025-06-30 18:26:19,615 - INFO - Scraping team shot locations for 2023-24
2025-06-30 18:26:25,758 - INFO - Scraping team shot locations for 2024-25
2025-06-30 18:26:30,792 - INFO - Saved 862 records to /Users/akshatporwal/Desktop/projects github/nba-machine-learning/data/raw/team_shot_locations.csv
2025-06-30 18:26:30,792 - INFO - Scraping team clutch stats for 1981-82
2025-06-30 18:26:32,720 - INFO - Scraping team clutch stats for 1982-83
2025-06-30 18:26:34,611 - INFO - Scraping team clutch stats for 1983-84
2025-06-30 18:26:36,173 - INFO - Scraping team clutch stats for 1984-85
2025-06-30 18:26:39,048 - INFO - Scraping team clutch stats for 1985-86
2025-06-30 18:26:40,709 - INFO - Scraping team clutch stats for 1986-87
2025-06-30 18:26:42,346 - INFO - Scraping team clutch stats for 1987-88
2025-06-30 18:26:43,986 - INFO - Scraping team clutch stats for 1988-89
2025-06-30 18:26:45,727 - INFO - Scraping team clutch stats for 1989-90
2025-06-30 18:26:47,467 - INFO - Scraping team clutch stats for 1990-91
2025-06-30 18:26:49,194 - INFO - Scraping team clutch stats for 1991-92
2025-06-30 18:26:50,865 - INFO - Scraping team clutch stats for 1992-93
2025-06-30 18:26:52,587 - INFO - Scraping team clutch stats for 1993-94
2025-06-30 18:26:54,226 - INFO - Scraping team clutch stats for 1994-95
2025-06-30 18:26:55,865 - INFO - Scraping team clutch stats for 1995-96
2025-06-30 18:26:57,452 - INFO - Scraping team clutch stats for 1996-97
2025-06-30 18:26:59,212 - INFO - Scraping team clutch stats for 1997-98
2025-06-30 18:27:02,327 - INFO - Scraping team clutch stats for 1998-99
2025-06-30 18:27:04,159 - INFO - Scraping team clutch stats for 1999-00
2025-06-30 18:27:06,002 - INFO - Scraping team clutch stats for 2000-01
2025-06-30 18:27:07,742 - INFO - Scraping team clutch stats for 2001-02
2025-06-30 18:27:09,514 - INFO - Scraping team clutch stats for 2002-03
2025-06-30 18:27:11,328 - INFO - Scraping team clutch stats for 2003-04
2025-06-30 18:27:13,053 - INFO - Scraping team clutch stats for 2004-05
2025-06-30 18:27:14,803 - INFO - Scraping team clutch stats for 2005-06
2025-06-30 18:27:16,653 - INFO - Scraping team clutch stats for 2006-07
2025-06-30 18:27:18,905 - INFO - Scraping team clutch stats for 2007-08
2025-06-30 18:27:20,651 - INFO - Scraping team clutch stats for 2008-09
2025-06-30 18:27:22,387 - INFO - Scraping team clutch stats for 2009-10
2025-06-30 18:27:24,128 - INFO - Scraping team clutch stats for 2010-11
2025-06-30 18:27:25,767 - INFO - Scraping team clutch stats for 2011-12
2025-06-30 18:27:27,507 - INFO - Scraping team clutch stats for 2012-13
2025-06-30 18:27:29,127 - INFO - Scraping team clutch stats for 2013-14
2025-06-30 18:27:30,784 - INFO - Scraping team clutch stats for 2014-15
2025-06-30 18:27:32,523 - INFO - Scraping team clutch stats for 2015-16
2025-06-30 18:27:34,284 - INFO - Scraping team clutch stats for 2016-17
2025-06-30 18:27:36,009 - INFO - Scraping team clutch stats for 2017-18
2025-06-30 18:27:37,851 - INFO - Scraping team clutch stats for 2018-19
2025-06-30 18:27:39,692 - INFO - Scraping team clutch stats for 2019-20
2025-06-30 18:27:41,310 - INFO - Scraping team clutch stats for 2020-21
2025-06-30 18:27:43,177 - INFO - Scraping team clutch stats for 2021-22
2025-06-30 18:27:44,915 - INFO - Scraping team clutch stats for 2022-23
2025-06-30 18:27:46,553 - INFO - Scraping team clutch stats for 2023-24
2025-06-30 18:27:48,191 - INFO - Scraping team clutch stats for 2024-25
2025-06-30 18:27:49,947 - INFO - Saved 862 records to /Users/akshatporwal/Desktop/projects github/nba-machine-learning/data/raw/team_clutch_stats.csv
2025-06-30 18:27:49,955 - INFO - Starting hustle statistics scraping...
2025-06-30 18:27:49,956 - INFO - Scraping player hustle stats for 1981-82
2025-06-30 18:27:51,916 - INFO - Scraping player hustle stats for 1982-83
2025-06-30 18:27:53,843 - INFO - Scraping player hustle stats for 1983-84
2025-06-30 18:27:55,769 - INFO - Scraping player hustle stats for 1984-85
2025-06-30 18:27:57,715 - INFO - Scraping player hustle stats for 1985-86
2025-06-30 18:27:59,545 - INFO - Scraping player hustle stats for 1986-87
2025-06-30 18:28:01,373 - INFO - Scraping player hustle stats for 1987-88
2025-06-30 18:28:03,286 - INFO - Scraping player hustle stats for 1988-89
2025-06-30 18:28:05,190 - INFO - Scraping player hustle stats for 1989-90
2025-06-30 18:28:07,136 - INFO - Scraping player hustle stats for 1990-91
2025-06-30 18:28:09,082 - INFO - Scraping player hustle stats for 1991-92
2025-06-30 18:28:10,925 - INFO - Scraping player hustle stats for 1992-93
2025-06-30 18:28:12,872 - INFO - Scraping player hustle stats for 1993-94
2025-06-30 18:28:14,682 - INFO - Scraping player hustle stats for 1994-95
2025-06-30 18:28:16,557 - INFO - Scraping player hustle stats for 1995-96
2025-06-30 18:28:18,502 - INFO - Scraping player hustle stats for 1996-97
2025-06-30 18:28:20,449 - INFO - Scraping player hustle stats for 1997-98
2025-06-30 18:28:22,495 - INFO - Scraping player hustle stats for 1998-99
2025-06-30 18:28:24,340 - INFO - Scraping player hustle stats for 1999-00
2025-06-30 18:28:26,387 - INFO - Scraping player hustle stats for 2000-01
2025-06-30 18:28:28,332 - INFO - Scraping player hustle stats for 2001-02
2025-06-30 18:28:30,176 - INFO - Scraping player hustle stats for 2002-03
2025-06-30 18:28:32,019 - INFO - Scraping player hustle stats for 2003-04
2025-06-30 18:28:33,880 - INFO - Scraping player hustle stats for 2004-05
2025-06-30 18:28:35,807 - INFO - Scraping player hustle stats for 2005-06
2025-06-30 18:28:37,856 - INFO - Scraping player hustle stats for 2006-07
2025-06-30 18:28:39,802 - INFO - Scraping player hustle stats for 2007-08
2025-06-30 18:28:41,851 - INFO - Scraping player hustle stats for 2008-09
2025-06-30 18:28:43,795 - INFO - Scraping player hustle stats for 2009-10
2025-06-30 18:28:45,811 - INFO - Scraping player hustle stats for 2010-11
2025-06-30 18:28:47,688 - INFO - Scraping player hustle stats for 2011-12
2025-06-30 18:28:49,736 - INFO - Scraping player hustle stats for 2012-13
2025-06-30 18:28:51,599 - INFO - Scraping player hustle stats for 2013-14
2025-06-30 18:28:53,524 - INFO - Scraping player hustle stats for 2014-15
2025-06-30 18:28:55,470 - INFO - Scraping player hustle stats for 2015-16
2025-06-30 18:28:57,382 - INFO - Scraping player hustle stats for 2016-17
2025-06-30 18:28:59,466 - INFO - Scraping player hustle stats for 2017-18
2025-06-30 18:29:01,617 - INFO - Scraping player hustle stats for 2018-19
2025-06-30 18:29:03,767 - INFO - Scraping player hustle stats for 2019-20
2025-06-30 18:29:05,918 - INFO - Scraping player hustle stats for 2020-21
2025-06-30 18:29:08,068 - INFO - Scraping player hustle stats for 2021-22
2025-06-30 18:29:10,118 - INFO - Scraping player hustle stats for 2022-23
2025-06-30 18:29:12,329 - INFO - Scraping player hustle stats for 2023-24
2025-06-30 18:29:14,418 - INFO - Scraping player hustle stats for 2024-25
2025-06-30 18:29:15,983 - INFO - Saved 5021 records to /Users/akshatporwal/Desktop/projects github/nba-machine-learning/data/raw/player_hustle_stats.csv
2025-06-30 18:29:15,983 - INFO - Scraping team hustle stats for 1981-82
2025-06-30 18:29:17,707 - INFO - Scraping team hustle stats for 1982-83
2025-06-30 18:29:19,483 - INFO - Scraping team hustle stats for 1983-84
2025-06-30 18:29:21,272 - INFO - Scraping team hustle stats for 1984-85
2025-06-30 18:29:23,014 - INFO - Scraping team hustle stats for 1985-86
2025-06-30 18:29:24,875 - INFO - Scraping team hustle stats for 1986-87
2025-06-30 18:29:26,507 - INFO - Scraping team hustle stats for 1987-88
2025-06-30 18:29:28,237 - INFO - Scraping team hustle stats for 1988-89
2025-06-30 18:29:30,080 - INFO - Scraping team hustle stats for 1989-90
2025-06-30 18:29:31,924 - INFO - Scraping team hustle stats for 1990-91
2025-06-30 18:29:33,560 - INFO - Scraping team hustle stats for 1991-92
2025-06-30 18:29:35,204 - INFO - Scraping team hustle stats for 1992-93
2025-06-30 18:29:36,855 - INFO - Scraping team hustle stats for 1993-94
2025-06-30 18:29:38,507 - INFO - Scraping team hustle stats for 1994-95
2025-06-30 18:29:40,217 - INFO - Scraping team hustle stats for 1995-96
2025-06-30 18:29:41,968 - INFO - Scraping team hustle stats for 1996-97
2025-06-30 18:29:43,802 - INFO - Scraping team hustle stats for 1997-98
2025-06-30 18:29:45,646 - INFO - Scraping team hustle stats for 1998-99
2025-06-30 18:29:47,490 - INFO - Scraping team hustle stats for 1999-00
2025-06-30 18:29:49,230 - INFO - Scraping team hustle stats for 2000-01
2025-06-30 18:29:51,072 - INFO - Scraping team hustle stats for 2001-02
2025-06-30 18:29:52,713 - INFO - Scraping team hustle stats for 2002-03
2025-06-30 18:29:54,477 - INFO - Scraping team hustle stats for 2003-04
2025-06-30 18:29:56,194 - INFO - Scraping team hustle stats for 2004-05
2025-06-30 18:29:58,036 - INFO - Scraping team hustle stats for 2005-06
2025-06-30 18:29:59,684 - INFO - Scraping team hustle stats for 2006-07
2025-06-30 18:30:01,462 - INFO - Scraping team hustle stats for 2007-08
2025-06-30 18:30:03,218 - INFO - Scraping team hustle stats for 2008-09
2025-06-30 18:30:06,427 - INFO - Scraping team hustle stats for 2009-10
2025-06-30 18:30:08,891 - INFO - Scraping team hustle stats for 2010-11
2025-06-30 18:30:10,635 - INFO - Scraping team hustle stats for 2011-12
2025-06-30 18:30:12,474 - INFO - Scraping team hustle stats for 2012-13
2025-06-30 18:30:14,318 - INFO - Scraping team hustle stats for 2013-14
2025-06-30 18:30:16,162 - INFO - Scraping team hustle stats for 2014-15
2025-06-30 18:30:17,901 - INFO - Scraping team hustle stats for 2015-16
2025-06-30 18:30:19,552 - INFO - Scraping team hustle stats for 2016-17
2025-06-30 18:30:21,280 - INFO - Scraping team hustle stats for 2017-18
2025-06-30 18:30:23,123 - INFO - Scraping team hustle stats for 2018-19
2025-06-30 18:30:24,972 - INFO - Scraping team hustle stats for 2019-20
2025-06-30 18:30:26,810 - INFO - Scraping team hustle stats for 2020-21
2025-06-30 18:30:29,371 - INFO - Scraping team hustle stats for 2021-22
2025-06-30 18:30:31,213 - INFO - Scraping team hustle stats for 2022-23
2025-06-30 18:30:33,187 - INFO - Scraping team hustle stats for 2023-24
2025-06-30 18:30:35,004 - INFO - Scraping team hustle stats for 2024-25
2025-06-30 18:30:36,342 - INFO - Saved 285 records to /Users/akshatporwal/Desktop/projects github/nba-machine-learning/data/raw/team_hustle_stats.csv
2025-06-30 18:30:36,348 - INFO - Starting lineup statistics scraping...
2025-06-30 18:30:36,348 - INFO - Scraping lineup stats for 1981-82
2025-06-30 18:30:38,178 - INFO - Scraping lineup stats for 1982-83
2025-06-30 18:30:40,123 - INFO - Scraping lineup stats for 1983-84
2025-06-30 18:30:41,761 - INFO - Scraping lineup stats for 1984-85
2025-06-30 18:30:43,401 - INFO - Scraping lineup stats for 1985-86
2025-06-30 18:30:44,936 - INFO - Scraping lineup stats for 1986-87
2025-06-30 18:30:46,562 - INFO - Scraping lineup stats for 1987-88
2025-06-30 18:30:48,110 - INFO - Scraping lineup stats for 1988-89
2025-06-30 18:30:49,748 - INFO - Scraping lineup stats for 1989-90
2025-06-30 18:30:51,386 - INFO - Scraping lineup stats for 1990-91
2025-06-30 18:30:53,025 - INFO - Scraping lineup stats for 1991-92
2025-06-30 18:30:54,970 - INFO - Scraping lineup stats for 1992-93
2025-06-30 18:30:56,713 - INFO - Scraping lineup stats for 1993-94
2025-06-30 18:30:58,351 - INFO - Scraping lineup stats for 1994-95
2025-06-30 18:30:59,989 - INFO - Scraping lineup stats for 1995-96
2025-06-30 18:31:01,729 - INFO - Scraping lineup stats for 1996-97
2025-06-30 18:31:03,368 - INFO - Scraping lineup stats for 1997-98
2025-06-30 18:31:05,005 - INFO - Scraping lineup stats for 1998-99
2025-06-30 18:31:06,645 - INFO - Scraping lineup stats for 1999-00
2025-06-30 18:31:08,328 - INFO - Scraping lineup stats for 2000-01
2025-06-30 18:31:10,025 - INFO - Scraping lineup stats for 2001-02
2025-06-30 18:31:11,664 - INFO - Scraping lineup stats for 2002-03
2025-06-30 18:31:13,300 - INFO - Scraping lineup stats for 2003-04
2025-06-30 18:31:14,940 - INFO - Scraping lineup stats for 2004-05
2025-06-30 18:31:16,577 - INFO - Scraping lineup stats for 2005-06
2025-06-30 18:31:18,221 - INFO - Scraping lineup stats for 2006-07
2025-06-30 18:31:19,854 - INFO - Scraping lineup stats for 2007-08
2025-06-30 18:31:22,356 - INFO - Scraping lineup stats for 2008-09
2025-06-30 18:31:25,505 - INFO - Scraping lineup stats for 2009-10
2025-06-30 18:31:28,508 - INFO - Scraping lineup stats for 2010-11
2025-06-30 18:31:31,552 - INFO - Scraping lineup stats for 2011-12
2025-06-30 18:31:34,031 - INFO - Scraping lineup stats for 2012-13
2025-06-30 18:31:36,580 - INFO - Scraping lineup stats for 2013-14
2025-06-30 18:31:39,903 - INFO - Scraping lineup stats for 2014-15
2025-06-30 18:31:42,609 - INFO - Scraping lineup stats for 2015-16
2025-06-30 18:31:45,491 - INFO - Scraping lineup stats for 2016-17
2025-06-30 18:31:48,710 - INFO - Scraping lineup stats for 2017-18
2025-06-30 18:31:51,618 - INFO - Scraping lineup stats for 2018-19
2025-06-30 18:31:54,645 - INFO - Scraping lineup stats for 2019-20
2025-06-30 18:31:57,885 - INFO - Scraping lineup stats for 2020-21
2025-06-30 18:32:00,461 - INFO - Scraping lineup stats for 2021-22
2025-06-30 18:32:03,750 - INFO - Scraping lineup stats for 2022-23
2025-06-30 18:32:07,101 - INFO - Scraping lineup stats for 2023-24
2025-06-30 18:32:08,681 - INFO - Scraping lineup stats for 2024-25
2025-06-30 18:32:10,660 - INFO - Saved 36000 records to /Users/akshatporwal/Desktop/projects github/nba-machine-learning/data/raw/lineup_stats.csv
2025-06-30 18:32:10,675 - INFO - Starting league standings scraping...
2025-06-30 18:32:10,675 - INFO - Scraping standings for 1981-82
2025-06-30 18:32:11,686 - WARNING - Attempt 1 failed for LeagueStandings: LeagueStandings.__init__() got an unexpected keyword argument 'season_type_all_star'
2025-06-30 18:32:13,698 - WARNING - Attempt 2 failed for LeagueStandings: LeagueStandings.__init__() got an unexpected keyword argument 'season_type_all_star'
2025-06-30 18:32:16,706 - WARNING - Attempt 3 failed for LeagueStandings: LeagueStandings.__init__() got an unexpected keyword argument 'season_type_all_star'
2025-06-30 18:32:16,706 - ERROR - All attempts failed for LeagueStandings: LeagueStandings.__init__() got an unexpected keyword argument 'season_type_all_star'
2025-06-30 18:32:16,707 - INFO - Scraping standings for 1982-83
2025-06-30 18:32:17,711 - WARNING - Attempt 1 failed for LeagueStandings: LeagueStandings.__init__() got an unexpected keyword argument 'season_type_all_star'
2025-06-30 18:32:19,725 - WARNING - Attempt 2 failed for LeagueStandings: LeagueStandings.__init__() got an unexpected keyword argument 'season_type_all_star'
2025-06-30 18:32:22,740 - WARNING - Attempt 3 failed for LeagueStandings: LeagueStandings.__init__() got an unexpected keyword argument 'season_type_all_star'
2025-06-30 18:32:22,741 - ERROR - All attempts failed for LeagueStandings: LeagueStandings.__init__() got an unexpected keyword argument 'season_type_all_star'
2025-06-30 18:32:22,742 - INFO - Scraping standings for 1983-84
2025-06-30 18:32:23,748 - WARNING - Attempt 1 failed for LeagueStandings: LeagueStandings.__init__() got an unexpected keyword argument 'season_type_all_star'
2025-06-30 18:32:25,760 - WARNING - Attempt 2 failed for LeagueStandings: LeagueStandings.__init__() got an unexpected keyword argument 'season_type_all_star'
2025-06-30 18:32:28,768 - WARNING - Attempt 3 failed for LeagueStandings: LeagueStandings.__init__() got an unexpected keyword argument 'season_type_all_star'
2025-06-30 18:32:28,769 - ERROR - All attempts failed for LeagueStandings: LeagueStandings.__init__() got an unexpected keyword argument 'season_type_all_star'
2025-06-30 18:32:28,769 - INFO - Scraping standings for 1984-85
2025-06-30 18:32:29,775 - WARNING - Attempt 1 failed for LeagueStandings: LeagueStandings.__init__() got an unexpected keyword argument 'season_type_all_star'
2025-06-30 18:32:31,781 - WARNING - Attempt 2 failed for LeagueStandings: LeagueStandings.__init__() got an unexpected keyword argument 'season_type_all_star'
2025-06-30 18:32:34,795 - WARNING - Attempt 3 failed for LeagueStandings: LeagueStandings.__init__() got an unexpected keyword argument 'season_type_all_star'
2025-06-30 18:32:34,796 - ERROR - All attempts failed for LeagueStandings: LeagueStandings.__init__() got an unexpected keyword argument 'season_type_all_star'
2025-06-30 18:32:34,796 - INFO - Scraping standings for 1985-86
2025-06-30 18:32:35,807 - WARNING - Attempt 1 failed for LeagueStandings: LeagueStandings.__init__() got an unexpected keyword argument 'season_type_all_star'
2025-06-30 18:32:37,824 - WARNING - Attempt 2 failed for LeagueStandings: LeagueStandings.__init__() got an unexpected keyword argument 'season_type_all_star'
2025-06-30 18:32:40,831 - WARNING - Attempt 3 failed for LeagueStandings: LeagueStandings.__init__() got an unexpected keyword argument 'season_type_all_star'
2025-06-30 18:32:40,832 - ERROR - All attempts failed for LeagueStandings: LeagueStandings.__init__() got an unexpected keyword argument 'season_type_all_star'
2025-06-30 18:32:40,832 - INFO - Scraping standings for 1986-87
2025-06-30 18:32:41,838 - WARNING - Attempt 1 failed for LeagueStandings: LeagueStandings.__init__() got an unexpected keyword argument 'season_type_all_star'
2025-06-30 18:32:43,855 - WARNING - Attempt 2 failed for LeagueStandings: LeagueStandings.__init__() got an unexpected keyword argument 'season_type_all_star'
2025-06-30 18:32:46,874 - WARNING - Attempt 3 failed for LeagueStandings: LeagueStandings.__init__() got an unexpected keyword argument 'season_type_all_star'
2025-06-30 18:32:46,875 - ERROR - All attempts failed for LeagueStandings: LeagueStandings.__init__() got an unexpected keyword argument 'season_type_all_star'
2025-06-30 18:32:46,876 - INFO - Scraping standings for 1987-88
2025-06-30 18:32:47,878 - WARNING - Attempt 1 failed for LeagueStandings: LeagueStandings.__init__() got an unexpected keyword argument 'season_type_all_star'
2025-06-30 18:32:49,892 - WARNING - Attempt 2 failed for LeagueStandings: LeagueStandings.__init__() got an unexpected keyword argument 'season_type_all_star'
2025-06-30 18:32:52,901 - WARNING - Attempt 3 failed for LeagueStandings: LeagueStandings.__init__() got an unexpected keyword argument 'season_type_all_star'
2025-06-30 18:32:52,901 - ERROR - All attempts failed for LeagueStandings: LeagueStandings.__init__() got an unexpected keyword argument 'season_type_all_star'
2025-06-30 18:32:52,902 - INFO - Scraping standings for 1988-89
2025-06-30 18:32:53,912 - WARNING - Attempt 1 failed for LeagueStandings: LeagueStandings.__init__() got an unexpected keyword argument 'season_type_all_star'
2025-06-30 18:32:55,930 - WARNING - Attempt 2 failed for LeagueStandings: LeagueStandings.__init__() got an unexpected keyword argument 'season_type_all_star'
2025-06-30 18:32:58,942 - WARNING - Attempt 3 failed for LeagueStandings: LeagueStandings.__init__() got an unexpected keyword argument 'season_type_all_star'
2025-06-30 18:32:58,943 - ERROR - All attempts failed for LeagueStandings: LeagueStandings.__init__() got an unexpected keyword argument 'season_type_all_star'
2025-06-30 18:32:58,944 - INFO - Scraping standings for 1989-90
2025-06-30 18:32:59,952 - WARNING - Attempt 1 failed for LeagueStandings: LeagueStandings.__init__() got an unexpected keyword argument 'season_type_all_star'
2025-06-30 18:33:01,964 - WARNING - Attempt 2 failed for LeagueStandings: LeagueStandings.__init__() got an unexpected keyword argument 'season_type_all_star'
2025-06-30 18:33:04,976 - WARNING - Attempt 3 failed for LeagueStandings: LeagueStandings.__init__() got an unexpected keyword argument 'season_type_all_star'
2025-06-30 18:33:04,976 - ERROR - All attempts failed for LeagueStandings: LeagueStandings.__init__() got an unexpected keyword argument 'season_type_all_star'
2025-06-30 18:33:04,977 - INFO - Scraping standings for 1990-91
2025-06-30 18:33:05,983 - WARNING - Attempt 1 failed for LeagueStandings: LeagueStandings.__init__() got an unexpected keyword argument 'season_type_all_star'
2025-06-30 18:33:07,997 - WARNING - Attempt 2 failed for LeagueStandings: LeagueStandings.__init__() got an unexpected keyword argument 'season_type_all_star'
2025-06-30 18:33:11,006 - WARNING - Attempt 3 failed for LeagueStandings: LeagueStandings.__init__() got an unexpected keyword argument 'season_type_all_star'
2025-06-30 18:33:11,006 - ERROR - All attempts failed for LeagueStandings: LeagueStandings.__init__() got an unexpected keyword argument 'season_type_all_star'
2025-06-30 18:33:11,007 - INFO - Scraping standings for 1991-92
2025-06-30 18:33:12,012 - WARNING - Attempt 1 failed for LeagueStandings: LeagueStandings.__init__() got an unexpected keyword argument 'season_type_all_star'
2025-06-30 18:33:14,018 - WARNING - Attempt 2 failed for LeagueStandings: LeagueStandings.__init__() got an unexpected keyword argument 'season_type_all_star'
2025-06-30 18:33:17,024 - WARNING - Attempt 3 failed for LeagueStandings: LeagueStandings.__init__() got an unexpected keyword argument 'season_type_all_star'
2025-06-30 18:33:17,025 - ERROR - All attempts failed for LeagueStandings: LeagueStandings.__init__() got an unexpected keyword argument 'season_type_all_star'
2025-06-30 18:33:17,025 - INFO - Scraping standings for 1992-93
2025-06-30 18:33:18,036 - WARNING - Attempt 1 failed for LeagueStandings: LeagueStandings.__init__() got an unexpected keyword argument 'season_type_all_star'
2025-06-30 18:33:20,040 - WARNING - Attempt 2 failed for LeagueStandings: LeagueStandings.__init__() got an unexpected keyword argument 'season_type_all_star'
2025-06-30 18:33:23,048 - WARNING - Attempt 3 failed for LeagueStandings: LeagueStandings.__init__() got an unexpected keyword argument 'season_type_all_star'
2025-06-30 18:33:23,048 - ERROR - All attempts failed for LeagueStandings: LeagueStandings.__init__() got an unexpected keyword argument 'season_type_all_star'
2025-06-30 18:33:23,049 - INFO - Scraping standings for 1993-94
2025-06-30 18:33:24,052 - WARNING - Attempt 1 failed for LeagueStandings: LeagueStandings.__init__() got an unexpected keyword argument 'season_type_all_star'
2025-06-30 18:33:26,068 - WARNING - Attempt 2 failed for LeagueStandings: LeagueStandings.__init__() got an unexpected keyword argument 'season_type_all_star'
2025-06-30 18:33:29,073 - WARNING - Attempt 3 failed for LeagueStandings: LeagueStandings.__init__() got an unexpected keyword argument 'season_type_all_star'
2025-06-30 18:33:29,074 - ERROR - All attempts failed for LeagueStandings: LeagueStandings.__init__() got an unexpected keyword argument 'season_type_all_star'
2025-06-30 18:33:29,074 - INFO - Scraping standings for 1994-95
2025-06-30 18:33:30,075 - WARNING - Attempt 1 failed for LeagueStandings: LeagueStandings.__init__() got an unexpected keyword argument 'season_type_all_star'
2025-06-30 18:33:32,089 - WARNING - Attempt 2 failed for LeagueStandings: LeagueStandings.__init__() got an unexpected keyword argument 'season_type_all_star'
2025-06-30 18:33:35,103 - WARNING - Attempt 3 failed for LeagueStandings: LeagueStandings.__init__() got an unexpected keyword argument 'season_type_all_star'
2025-06-30 18:33:35,103 - ERROR - All attempts failed for LeagueStandings: LeagueStandings.__init__() got an unexpected keyword argument 'season_type_all_star'
2025-06-30 18:33:35,104 - INFO - Scraping standings for 1995-96
2025-06-30 18:33:36,109 - WARNING - Attempt 1 failed for LeagueStandings: LeagueStandings.__init__() got an unexpected keyword argument 'season_type_all_star'
2025-06-30 18:33:38,117 - WARNING - Attempt 2 failed for LeagueStandings: LeagueStandings.__init__() got an unexpected keyword argument 'season_type_all_star'
2025-06-30 18:33:41,123 - WARNING - Attempt 3 failed for LeagueStandings: LeagueStandings.__init__() got an unexpected keyword argument 'season_type_all_star'
2025-06-30 18:33:41,124 - ERROR - All attempts failed for LeagueStandings: LeagueStandings.__init__() got an unexpected keyword argument 'season_type_all_star'
2025-06-30 18:33:41,125 - INFO - Scraping standings for 1996-97
2025-06-30 18:33:42,135 - WARNING - Attempt 1 failed for LeagueStandings: LeagueStandings.__init__() got an unexpected keyword argument 'season_type_all_star'
2025-06-30 18:33:44,151 - WARNING - Attempt 2 failed for LeagueStandings: LeagueStandings.__init__() got an unexpected keyword argument 'season_type_all_star'
2025-06-30 18:33:47,166 - WARNING - Attempt 3 failed for LeagueStandings: LeagueStandings.__init__() got an unexpected keyword argument 'season_type_all_star'
2025-06-30 18:33:47,167 - ERROR - All attempts failed for LeagueStandings: LeagueStandings.__init__() got an unexpected keyword argument 'season_type_all_star'
2025-06-30 18:33:47,167 - INFO - Scraping standings for 1997-98
2025-06-30 18:33:48,178 - WARNING - Attempt 1 failed for LeagueStandings: LeagueStandings.__init__() got an unexpected keyword argument 'season_type_all_star'
2025-06-30 18:33:50,192 - WARNING - Attempt 2 failed for LeagueStandings: LeagueStandings.__init__() got an unexpected keyword argument 'season_type_all_star'
2025-06-30 18:33:53,207 - WARNING - Attempt 3 failed for LeagueStandings: LeagueStandings.__init__() got an unexpected keyword argument 'season_type_all_star'
2025-06-30 18:33:53,208 - ERROR - All attempts failed for LeagueStandings: LeagueStandings.__init__() got an unexpected keyword argument 'season_type_all_star'
2025-06-30 18:33:53,208 - INFO - Scraping standings for 1998-99
2025-06-30 18:33:54,212 - WARNING - Attempt 1 failed for LeagueStandings: LeagueStandings.__init__() got an unexpected keyword argument 'season_type_all_star'
2025-06-30 18:33:56,226 - WARNING - Attempt 2 failed for LeagueStandings: LeagueStandings.__init__() got an unexpected keyword argument 'season_type_all_star'
2025-06-30 18:33:59,235 - WARNING - Attempt 3 failed for LeagueStandings: LeagueStandings.__init__() got an unexpected keyword argument 'season_type_all_star'
2025-06-30 18:33:59,235 - ERROR - All attempts failed for LeagueStandings: LeagueStandings.__init__() got an unexpected keyword argument 'season_type_all_star'
2025-06-30 18:33:59,236 - INFO - Scraping standings for 1999-00
2025-06-30 18:34:00,246 - WARNING - Attempt 1 failed for LeagueStandings: LeagueStandings.__init__() got an unexpected keyword argument 'season_type_all_star'
2025-06-30 18:34:02,249 - WARNING - Attempt 2 failed for LeagueStandings: LeagueStandings.__init__() got an unexpected keyword argument 'season_type_all_star'
2025-06-30 18:34:05,256 - WARNING - Attempt 3 failed for LeagueStandings: LeagueStandings.__init__() got an unexpected keyword argument 'season_type_all_star'
2025-06-30 18:34:05,257 - ERROR - All attempts failed for LeagueStandings: LeagueStandings.__init__() got an unexpected keyword argument 'season_type_all_star'
2025-06-30 18:34:05,257 - INFO - Scraping standings for 2000-01
2025-06-30 18:34:06,263 - WARNING - Attempt 1 failed for LeagueStandings: LeagueStandings.__init__() got an unexpected keyword argument 'season_type_all_star'
2025-06-30 18:34:08,277 - WARNING - Attempt 2 failed for LeagueStandings: LeagueStandings.__init__() got an unexpected keyword argument 'season_type_all_star'
2025-06-30 18:34:11,289 - WARNING - Attempt 3 failed for LeagueStandings: LeagueStandings.__init__() got an unexpected keyword argument 'season_type_all_star'
2025-06-30 18:34:11,290 - ERROR - All attempts failed for LeagueStandings: LeagueStandings.__init__() got an unexpected keyword argument 'season_type_all_star'
2025-06-30 18:34:11,290 - INFO - Scraping standings for 2001-02
2025-06-30 18:34:12,301 - WARNING - Attempt 1 failed for LeagueStandings: LeagueStandings.__init__() got an unexpected keyword argument 'season_type_all_star'
2025-06-30 18:34:14,305 - WARNING - Attempt 2 failed for LeagueStandings: LeagueStandings.__init__() got an unexpected keyword argument 'season_type_all_star'
2025-06-30 18:34:17,320 - WARNING - Attempt 3 failed for LeagueStandings: LeagueStandings.__init__() got an unexpected keyword argument 'season_type_all_star'
2025-06-30 18:34:17,321 - ERROR - All attempts failed for LeagueStandings: LeagueStandings.__init__() got an unexpected keyword argument 'season_type_all_star'
2025-06-30 18:34:17,321 - INFO - Scraping standings for 2002-03
2025-06-30 18:34:18,326 - WARNING - Attempt 1 failed for LeagueStandings: LeagueStandings.__init__() got an unexpected keyword argument 'season_type_all_star'
2025-06-30 18:34:20,338 - WARNING - Attempt 2 failed for LeagueStandings: LeagueStandings.__init__() got an unexpected keyword argument 'season_type_all_star'
2025-06-30 18:34:23,352 - WARNING - Attempt 3 failed for LeagueStandings: LeagueStandings.__init__() got an unexpected keyword argument 'season_type_all_star'
2025-06-30 18:34:23,352 - ERROR - All attempts failed for LeagueStandings: LeagueStandings.__init__() got an unexpected keyword argument 'season_type_all_star'
2025-06-30 18:34:23,353 - INFO - Scraping standings for 2003-04
2025-06-30 18:34:24,360 - WARNING - Attempt 1 failed for LeagueStandings: LeagueStandings.__init__() got an unexpected keyword argument 'season_type_all_star'
2025-06-30 18:34:26,374 - WARNING - Attempt 2 failed for LeagueStandings: LeagueStandings.__init__() got an unexpected keyword argument 'season_type_all_star'
2025-06-30 18:34:29,389 - WARNING - Attempt 3 failed for LeagueStandings: LeagueStandings.__init__() got an unexpected keyword argument 'season_type_all_star'
2025-06-30 18:34:29,390 - ERROR - All attempts failed for LeagueStandings: LeagueStandings.__init__() got an unexpected keyword argument 'season_type_all_star'
2025-06-30 18:34:29,391 - INFO - Scraping standings for 2004-05
2025-06-30 18:34:30,395 - WARNING - Attempt 1 failed for LeagueStandings: LeagueStandings.__init__() got an unexpected keyword argument 'season_type_all_star'
2025-06-30 18:34:32,402 - WARNING - Attempt 2 failed for LeagueStandings: LeagueStandings.__init__() got an unexpected keyword argument 'season_type_all_star'
2025-06-30 18:34:35,410 - WARNING - Attempt 3 failed for LeagueStandings: LeagueStandings.__init__() got an unexpected keyword argument 'season_type_all_star'
2025-06-30 18:34:35,411 - ERROR - All attempts failed for LeagueStandings: LeagueStandings.__init__() got an unexpected keyword argument 'season_type_all_star'
2025-06-30 18:34:35,411 - INFO - Scraping standings for 2005-06
2025-06-30 18:34:36,416 - WARNING - Attempt 1 failed for LeagueStandings: LeagueStandings.__init__() got an unexpected keyword argument 'season_type_all_star'
2025-06-30 18:34:38,431 - WARNING - Attempt 2 failed for LeagueStandings: LeagueStandings.__init__() got an unexpected keyword argument 'season_type_all_star'
2025-06-30 18:34:41,435 - WARNING - Attempt 3 failed for LeagueStandings: LeagueStandings.__init__() got an unexpected keyword argument 'season_type_all_star'
2025-06-30 18:34:41,436 - ERROR - All attempts failed for LeagueStandings: LeagueStandings.__init__() got an unexpected keyword argument 'season_type_all_star'
2025-06-30 18:34:41,437 - INFO - Scraping standings for 2006-07
2025-06-30 18:34:42,442 - WARNING - Attempt 1 failed for LeagueStandings: LeagueStandings.__init__() got an unexpected keyword argument 'season_type_all_star'
2025-06-30 18:34:44,444 - WARNING - Attempt 2 failed for LeagueStandings: LeagueStandings.__init__() got an unexpected keyword argument 'season_type_all_star'
2025-06-30 18:34:47,456 - WARNING - Attempt 3 failed for LeagueStandings: LeagueStandings.__init__() got an unexpected keyword argument 'season_type_all_star'
2025-06-30 18:34:47,457 - ERROR - All attempts failed for LeagueStandings: LeagueStandings.__init__() got an unexpected keyword argument 'season_type_all_star'
2025-06-30 18:34:47,457 - INFO - Scraping standings for 2007-08
2025-06-30 18:34:48,464 - WARNING - Attempt 1 failed for LeagueStandings: LeagueStandings.__init__() got an unexpected keyword argument 'season_type_all_star'
2025-06-30 18:34:50,477 - WARNING - Attempt 2 failed for LeagueStandings: LeagueStandings.__init__() got an unexpected keyword argument 'season_type_all_star'
2025-06-30 18:34:53,486 - WARNING - Attempt 3 failed for LeagueStandings: LeagueStandings.__init__() got an unexpected keyword argument 'season_type_all_star'
2025-06-30 18:34:53,487 - ERROR - All attempts failed for LeagueStandings: LeagueStandings.__init__() got an unexpected keyword argument 'season_type_all_star'
2025-06-30 18:34:53,488 - INFO - Scraping standings for 2008-09
2025-06-30 18:34:54,498 - WARNING - Attempt 1 failed for LeagueStandings: LeagueStandings.__init__() got an unexpected keyword argument 'season_type_all_star'
2025-06-30 18:34:56,514 - WARNING - Attempt 2 failed for LeagueStandings: LeagueStandings.__init__() got an unexpected keyword argument 'season_type_all_star'
2025-06-30 18:34:59,527 - WARNING - Attempt 3 failed for LeagueStandings: LeagueStandings.__init__() got an unexpected keyword argument 'season_type_all_star'
2025-06-30 18:34:59,528 - ERROR - All attempts failed for LeagueStandings: LeagueStandings.__init__() got an unexpected keyword argument 'season_type_all_star'
2025-06-30 18:34:59,528 - INFO - Scraping standings for 2009-10
2025-06-30 18:35:00,533 - WARNING - Attempt 1 failed for LeagueStandings: LeagueStandings.__init__() got an unexpected keyword argument 'season_type_all_star'
2025-06-30 18:35:02,549 - WARNING - Attempt 2 failed for LeagueStandings: LeagueStandings.__init__() got an unexpected keyword argument 'season_type_all_star'
2025-06-30 18:35:05,556 - WARNING - Attempt 3 failed for LeagueStandings: LeagueStandings.__init__() got an unexpected keyword argument 'season_type_all_star'
2025-06-30 18:35:05,557 - ERROR - All attempts failed for LeagueStandings: LeagueStandings.__init__() got an unexpected keyword argument 'season_type_all_star'
2025-06-30 18:35:05,558 - INFO - Scraping standings for 2010-11
2025-06-30 18:35:06,561 - WARNING - Attempt 1 failed for LeagueStandings: LeagueStandings.__init__() got an unexpected keyword argument 'season_type_all_star'
2025-06-30 18:35:08,578 - WARNING - Attempt 2 failed for LeagueStandings: LeagueStandings.__init__() got an unexpected keyword argument 'season_type_all_star'
2025-06-30 18:35:11,591 - WARNING - Attempt 3 failed for LeagueStandings: LeagueStandings.__init__() got an unexpected keyword argument 'season_type_all_star'
2025-06-30 18:35:11,592 - ERROR - All attempts failed for LeagueStandings: LeagueStandings.__init__() got an unexpected keyword argument 'season_type_all_star'
2025-06-30 18:35:11,592 - INFO - Scraping standings for 2011-12
2025-06-30 18:35:12,597 - WARNING - Attempt 1 failed for LeagueStandings: LeagueStandings.__init__() got an unexpected keyword argument 'season_type_all_star'
2025-06-30 18:35:14,604 - WARNING - Attempt 2 failed for LeagueStandings: LeagueStandings.__init__() got an unexpected keyword argument 'season_type_all_star'
2025-06-30 18:35:17,616 - WARNING - Attempt 3 failed for LeagueStandings: LeagueStandings.__init__() got an unexpected keyword argument 'season_type_all_star'
2025-06-30 18:35:17,617 - ERROR - All attempts failed for LeagueStandings: LeagueStandings.__init__() got an unexpected keyword argument 'season_type_all_star'
2025-06-30 18:35:17,618 - INFO - Scraping standings for 2012-13
2025-06-30 18:35:18,624 - WARNING - Attempt 1 failed for LeagueStandings: LeagueStandings.__init__() got an unexpected keyword argument 'season_type_all_star'
2025-06-30 18:35:20,632 - WARNING - Attempt 2 failed for LeagueStandings: LeagueStandings.__init__() got an unexpected keyword argument 'season_type_all_star'
2025-06-30 18:35:23,633 - WARNING - Attempt 3 failed for LeagueStandings: LeagueStandings.__init__() got an unexpected keyword argument 'season_type_all_star'
2025-06-30 18:35:23,634 - ERROR - All attempts failed for LeagueStandings: LeagueStandings.__init__() got an unexpected keyword argument 'season_type_all_star'
2025-06-30 18:35:23,634 - INFO - Scraping standings for 2013-14
2025-06-30 18:35:24,638 - WARNING - Attempt 1 failed for LeagueStandings: LeagueStandings.__init__() got an unexpected keyword argument 'season_type_all_star'
2025-06-30 18:35:26,646 - WARNING - Attempt 2 failed for LeagueStandings: LeagueStandings.__init__() got an unexpected keyword argument 'season_type_all_star'
2025-06-30 18:35:29,660 - WARNING - Attempt 3 failed for LeagueStandings: LeagueStandings.__init__() got an unexpected keyword argument 'season_type_all_star'
2025-06-30 18:35:29,660 - ERROR - All attempts failed for LeagueStandings: LeagueStandings.__init__() got an unexpected keyword argument 'season_type_all_star'
2025-06-30 18:35:29,661 - INFO - Scraping standings for 2014-15
2025-06-30 18:35:30,667 - WARNING - Attempt 1 failed for LeagueStandings: LeagueStandings.__init__() got an unexpected keyword argument 'season_type_all_star'
2025-06-30 18:35:32,678 - WARNING - Attempt 2 failed for LeagueStandings: LeagueStandings.__init__() got an unexpected keyword argument 'season_type_all_star'
2025-06-30 18:35:35,680 - WARNING - Attempt 3 failed for LeagueStandings: LeagueStandings.__init__() got an unexpected keyword argument 'season_type_all_star'
2025-06-30 18:35:35,681 - ERROR - All attempts failed for LeagueStandings: LeagueStandings.__init__() got an unexpected keyword argument 'season_type_all_star'
2025-06-30 18:35:35,681 - INFO - Scraping standings for 2015-16
2025-06-30 18:35:36,687 - WARNING - Attempt 1 failed for LeagueStandings: LeagueStandings.__init__() got an unexpected keyword argument 'season_type_all_star'
2025-06-30 18:35:38,700 - WARNING - Attempt 2 failed for LeagueStandings: LeagueStandings.__init__() got an unexpected keyword argument 'season_type_all_star'
2025-06-30 18:35:41,707 - WARNING - Attempt 3 failed for LeagueStandings: LeagueStandings.__init__() got an unexpected keyword argument 'season_type_all_star'
2025-06-30 18:35:41,708 - ERROR - All attempts failed for LeagueStandings: LeagueStandings.__init__() got an unexpected keyword argument 'season_type_all_star'
2025-06-30 18:35:41,709 - INFO - Scraping standings for 2016-17
2025-06-30 18:35:42,709 - WARNING - Attempt 1 failed for LeagueStandings: LeagueStandings.__init__() got an unexpected keyword argument 'season_type_all_star'
2025-06-30 18:35:44,714 - WARNING - Attempt 2 failed for LeagueStandings: LeagueStandings.__init__() got an unexpected keyword argument 'season_type_all_star'
2025-06-30 18:35:47,715 - WARNING - Attempt 3 failed for LeagueStandings: LeagueStandings.__init__() got an unexpected keyword argument 'season_type_all_star'
2025-06-30 18:35:47,716 - ERROR - All attempts failed for LeagueStandings: LeagueStandings.__init__() got an unexpected keyword argument 'season_type_all_star'
2025-06-30 18:35:47,717 - INFO - Scraping standings for 2017-18
2025-06-30 18:35:48,722 - WARNING - Attempt 1 failed for LeagueStandings: LeagueStandings.__init__() got an unexpected keyword argument 'season_type_all_star'
2025-06-30 18:35:50,735 - WARNING - Attempt 2 failed for LeagueStandings: LeagueStandings.__init__() got an unexpected keyword argument 'season_type_all_star'
2025-06-30 18:35:53,743 - WARNING - Attempt 3 failed for LeagueStandings: LeagueStandings.__init__() got an unexpected keyword argument 'season_type_all_star'
2025-06-30 18:35:53,744 - ERROR - All attempts failed for LeagueStandings: LeagueStandings.__init__() got an unexpected keyword argument 'season_type_all_star'
2025-06-30 18:35:53,744 - INFO - Scraping standings for 2018-19
2025-06-30 18:35:54,749 - WARNING - Attempt 1 failed for LeagueStandings: LeagueStandings.__init__() got an unexpected keyword argument 'season_type_all_star'
2025-06-30 18:35:56,764 - WARNING - Attempt 2 failed for LeagueStandings: LeagueStandings.__init__() got an unexpected keyword argument 'season_type_all_star'
2025-06-30 18:35:59,771 - WARNING - Attempt 3 failed for LeagueStandings: LeagueStandings.__init__() got an unexpected keyword argument 'season_type_all_star'
2025-06-30 18:35:59,772 - ERROR - All attempts failed for LeagueStandings: LeagueStandings.__init__() got an unexpected keyword argument 'season_type_all_star'
2025-06-30 18:35:59,772 - INFO - Scraping standings for 2019-20
2025-06-30 18:36:00,783 - WARNING - Attempt 1 failed for LeagueStandings: LeagueStandings.__init__() got an unexpected keyword argument 'season_type_all_star'
2025-06-30 18:36:02,801 - WARNING - Attempt 2 failed for LeagueStandings: LeagueStandings.__init__() got an unexpected keyword argument 'season_type_all_star'
2025-06-30 18:36:05,811 - WARNING - Attempt 3 failed for LeagueStandings: LeagueStandings.__init__() got an unexpected keyword argument 'season_type_all_star'
2025-06-30 18:36:05,812 - ERROR - All attempts failed for LeagueStandings: LeagueStandings.__init__() got an unexpected keyword argument 'season_type_all_star'
2025-06-30 18:36:05,813 - INFO - Scraping standings for 2020-21
2025-06-30 18:36:06,818 - WARNING - Attempt 1 failed for LeagueStandings: LeagueStandings.__init__() got an unexpected keyword argument 'season_type_all_star'
2025-06-30 18:36:08,832 - WARNING - Attempt 2 failed for LeagueStandings: LeagueStandings.__init__() got an unexpected keyword argument 'season_type_all_star'
2025-06-30 18:36:11,847 - WARNING - Attempt 3 failed for LeagueStandings: LeagueStandings.__init__() got an unexpected keyword argument 'season_type_all_star'
2025-06-30 18:36:11,847 - ERROR - All attempts failed for LeagueStandings: LeagueStandings.__init__() got an unexpected keyword argument 'season_type_all_star'
2025-06-30 18:36:11,848 - INFO - Scraping standings for 2021-22
2025-06-30 18:36:12,854 - WARNING - Attempt 1 failed for LeagueStandings: LeagueStandings.__init__() got an unexpected keyword argument 'season_type_all_star'
2025-06-30 18:36:14,856 - WARNING - Attempt 2 failed for LeagueStandings: LeagueStandings.__init__() got an unexpected keyword argument 'season_type_all_star'
2025-06-30 18:36:17,862 - WARNING - Attempt 3 failed for LeagueStandings: LeagueStandings.__init__() got an unexpected keyword argument 'season_type_all_star'
2025-06-30 18:36:17,863 - ERROR - All attempts failed for LeagueStandings: LeagueStandings.__init__() got an unexpected keyword argument 'season_type_all_star'
2025-06-30 18:36:17,863 - INFO - Scraping standings for 2022-23
2025-06-30 18:36:18,864 - WARNING - Attempt 1 failed for LeagueStandings: LeagueStandings.__init__() got an unexpected keyword argument 'season_type_all_star'
2025-06-30 18:36:20,875 - WARNING - Attempt 2 failed for LeagueStandings: LeagueStandings.__init__() got an unexpected keyword argument 'season_type_all_star'
2025-06-30 18:36:23,883 - WARNING - Attempt 3 failed for LeagueStandings: LeagueStandings.__init__() got an unexpected keyword argument 'season_type_all_star'
2025-06-30 18:36:23,883 - ERROR - All attempts failed for LeagueStandings: LeagueStandings.__init__() got an unexpected keyword argument 'season_type_all_star'
2025-06-30 18:36:23,884 - INFO - Scraping standings for 2023-24
2025-06-30 18:36:24,894 - WARNING - Attempt 1 failed for LeagueStandings: LeagueStandings.__init__() got an unexpected keyword argument 'season_type_all_star'
2025-06-30 18:36:26,896 - WARNING - Attempt 2 failed for LeagueStandings: LeagueStandings.__init__() got an unexpected keyword argument 'season_type_all_star'
2025-06-30 18:36:29,903 - WARNING - Attempt 3 failed for LeagueStandings: LeagueStandings.__init__() got an unexpected keyword argument 'season_type_all_star'
2025-06-30 18:36:29,904 - ERROR - All attempts failed for LeagueStandings: LeagueStandings.__init__() got an unexpected keyword argument 'season_type_all_star'
2025-06-30 18:36:29,904 - INFO - Scraping standings for 2024-25
2025-06-30 18:36:30,910 - WARNING - Attempt 1 failed for LeagueStandings: LeagueStandings.__init__() got an unexpected keyword argument 'season_type_all_star'
2025-06-30 18:36:32,923 - WARNING - Attempt 2 failed for LeagueStandings: LeagueStandings.__init__() got an unexpected keyword argument 'season_type_all_star'
2025-06-30 18:36:35,930 - WARNING - Attempt 3 failed for LeagueStandings: LeagueStandings.__init__() got an unexpected keyword argument 'season_type_all_star'
2025-06-30 18:36:35,931 - ERROR - All attempts failed for LeagueStandings: LeagueStandings.__init__() got an unexpected keyword argument 'season_type_all_star'
2025-06-30 18:36:35,938 - INFO - Starting reference data scraping...
2025-06-30 18:36:37,531 - INFO - Saved 5084 records to /Users/akshatporwal/Desktop/projects github/nba-machine-learning/data/raw/all_players.csv
2025-06-30 18:36:39,119 - INFO - Saved 45 records to /Users/akshatporwal/Desktop/projects github/nba-machine-learning/data/raw/team_years.csv
2025-06-30 18:36:39,130 - INFO - Generating data summary...
2025-06-30 18:36:39,552 - INFO - Saved 15 records to /Users/akshatporwal/Desktop/projects github/nba-machine-learning/data/raw/data_summary.csv
